{"/Users/gfelter/code/catholic-history-atlas/src/App.tsx": {"path":"/Users/gfelter/code/catholic-history-atlas/src/App.tsx","statementMap":{"0":{"start":{"line":8,"column":2},"end":{"line":30,"column":null}},"1":{"start":{"line":35,"column":15},"end":{"line":35,"column":null}},"2":{"start":{"line":43,"column":2},"end":{"line":50,"column":null}}},"fnMap":{"0":{"name":"Navigation","decl":{"start":{"line":7,"column":9},"end":{"line":7,"column":22}},"loc":{"start":{"line":7,"column":22},"end":{"line":32,"column":null}},"line":7},"1":{"name":"App","decl":{"start":{"line":34,"column":9},"end":{"line":34,"column":15}},"loc":{"start":{"line":34,"column":15},"end":{"line":52,"column":null}},"line":34}},"branchMap":{},"s":{"0":0,"1":0,"2":0},"f":{"0":0,"1":0},"b":{},"meta":{"lastBranch":0,"lastFunction":2,"lastStatement":3,"seen":{"f:7:9:7:22":0,"s:8:2:30:Infinity":0,"f:34:9:34:15":1,"s:35:15:35:Infinity":1,"s:43:2:50:Infinity":2}}}
,"/Users/gfelter/code/catholic-history-atlas/src/components/About.tsx": {"path":"/Users/gfelter/code/catholic-history-atlas/src/components/About.tsx","statementMap":{"0":{"start":{"line":6,"column":27},"end":{"line":11,"column":null}},"1":{"start":{"line":13,"column":22},"end":{"line":70,"column":null}},"2":{"start":{"line":72,"column":2},"end":{"line":290,"column":null}},"3":{"start":{"line":206,"column":12},"end":{"line":237,"column":null}}},"fnMap":{"0":{"name":"About","decl":{"start":{"line":5,"column":16},"end":{"line":5,"column":24}},"loc":{"start":{"line":5,"column":24},"end":{"line":292,"column":null}},"line":5},"1":{"name":"(anonymous_1)","decl":{"start":{"line":205,"column":27},"end":{"line":205,"column":28}},"loc":{"start":{"line":206,"column":12},"end":{"line":237,"column":null}},"line":206}},"branchMap":{},"s":{"0":0,"1":0,"2":0,"3":0},"f":{"0":0,"1":0},"b":{},"meta":{"lastBranch":0,"lastFunction":2,"lastStatement":4,"seen":{"f:5:16:5:24":0,"s:6:27:11:Infinity":0,"s:13:22:70:Infinity":1,"s:72:2:290:Infinity":2,"f:205:27:205:28":1,"s:206:12:237:Infinity":3}}}
,"/Users/gfelter/code/catholic-history-atlas/src/components/AtlasView.tsx": {"path":"/Users/gfelter/code/catholic-history-atlas/src/components/AtlasView.tsx","statementMap":{"0":{"start":{"line":20,"column":38},"end":{"line":20,"column":null}},"1":{"start":{"line":22,"column":18},"end":{"line":22,"column":null}},"2":{"start":{"line":23,"column":18},"end":{"line":23,"column":null}},"3":{"start":{"line":26,"column":20},"end":{"line":26,"column":null}},"4":{"start":{"line":27,"column":22},"end":{"line":29,"column":null}},"5":{"start":{"line":31,"column":20},"end":{"line":31,"column":null}},"6":{"start":{"line":32,"column":23},"end":{"line":32,"column":null}},"7":{"start":{"line":34,"column":36},"end":{"line":34,"column":null}},"8":{"start":{"line":35,"column":38},"end":{"line":35,"column":null}},"9":{"start":{"line":36,"column":22},"end":{"line":36,"column":null}},"10":{"start":{"line":37,"column":40},"end":{"line":37,"column":null}},"11":{"start":{"line":38,"column":34},"end":{"line":38,"column":null}},"12":{"start":{"line":39,"column":8},"end":{"line":39,"column":null}},"13":{"start":{"line":41,"column":15},"end":{"line":41,"column":null}},"14":{"start":{"line":44,"column":2},"end":{"line":49,"column":null}},"15":{"start":{"line":45,"column":19},"end":{"line":45,"column":null}},"16":{"start":{"line":46,"column":4},"end":{"line":46,"column":null}},"17":{"start":{"line":47,"column":4},"end":{"line":47,"column":null}},"18":{"start":{"line":48,"column":4},"end":{"line":48,"column":null}},"19":{"start":{"line":51,"column":2},"end":{"line":53,"column":null}},"20":{"start":{"line":52,"column":4},"end":{"line":52,"column":null}},"21":{"start":{"line":55,"column":2},"end":{"line":60,"column":null}},"22":{"start":{"line":56,"column":4},"end":{"line":59,"column":null}},"23":{"start":{"line":57,"column":6},"end":{"line":57,"column":null}},"24":{"start":{"line":58,"column":6},"end":{"line":58,"column":null}},"25":{"start":{"line":62,"column":26},"end":{"line":65,"column":null}},"26":{"start":{"line":63,"column":20},"end":{"line":63,"column":null}},"27":{"start":{"line":64,"column":4},"end":{"line":64,"column":null}},"28":{"start":{"line":67,"column":26},"end":{"line":70,"column":null}},"29":{"start":{"line":68,"column":20},"end":{"line":68,"column":null}},"30":{"start":{"line":69,"column":4},"end":{"line":69,"column":null}},"31":{"start":{"line":72,"column":27},"end":{"line":74,"column":null}},"32":{"start":{"line":73,"column":4},"end":{"line":73,"column":null}},"33":{"start":{"line":76,"column":28},"end":{"line":78,"column":null}},"34":{"start":{"line":77,"column":4},"end":{"line":77,"column":null}},"35":{"start":{"line":80,"column":26},"end":{"line":88,"column":null}},"36":{"start":{"line":81,"column":4},"end":{"line":81,"column":null}},"37":{"start":{"line":82,"column":20},"end":{"line":82,"column":null}},"38":{"start":{"line":83,"column":4},"end":{"line":87,"column":null}},"39":{"start":{"line":84,"column":6},"end":{"line":84,"column":null}},"40":{"start":{"line":86,"column":6},"end":{"line":86,"column":null}},"41":{"start":{"line":90,"column":29},"end":{"line":97,"column":null}},"42":{"start":{"line":91,"column":4},"end":{"line":96,"column":null}},"43":{"start":{"line":92,"column":6},"end":{"line":92,"column":null}},"44":{"start":{"line":93,"column":4},"end":{"line":96,"column":null}},"45":{"start":{"line":94,"column":6},"end":{"line":94,"column":null}},"46":{"start":{"line":95,"column":6},"end":{"line":95,"column":null}},"47":{"start":{"line":99,"column":21},"end":{"line":103,"column":null}},"48":{"start":{"line":100,"column":4},"end":{"line":100,"column":null}},"49":{"start":{"line":100,"column":15},"end":{"line":100,"column":null}},"50":{"start":{"line":101,"column":4},"end":{"line":101,"column":null}},"51":{"start":{"line":101,"column":17},"end":{"line":101,"column":null}},"52":{"start":{"line":102,"column":4},"end":{"line":102,"column":null}},"53":{"start":{"line":105,"column":2},"end":{"line":265,"column":null}},"54":{"start":{"line":195,"column":27},"end":{"line":195,"column":null}},"55":{"start":{"line":208,"column":27},"end":{"line":208,"column":null}},"56":{"start":{"line":261,"column":23},"end":{"line":261,"column":null}}},"fnMap":{"0":{"name":"AtlasView","decl":{"start":{"line":19,"column":16},"end":{"line":19,"column":26}},"loc":{"start":{"line":19,"column":52},"end":{"line":267,"column":null}},"line":19},"1":{"name":"(anonymous_1)","decl":{"start":{"line":44,"column":12},"end":{"line":44,"column":18}},"loc":{"start":{"line":44,"column":18},"end":{"line":49,"column":5}},"line":44},"2":{"name":"(anonymous_2)","decl":{"start":{"line":51,"column":12},"end":{"line":51,"column":18}},"loc":{"start":{"line":51,"column":18},"end":{"line":53,"column":5}},"line":51},"3":{"name":"(anonymous_3)","decl":{"start":{"line":55,"column":12},"end":{"line":55,"column":18}},"loc":{"start":{"line":55,"column":18},"end":{"line":60,"column":5}},"line":55},"4":{"name":"(anonymous_4)","decl":{"start":{"line":62,"column":26},"end":{"line":62,"column":32}},"loc":{"start":{"line":62,"column":32},"end":{"line":65,"column":null}},"line":62},"5":{"name":"(anonymous_5)","decl":{"start":{"line":67,"column":26},"end":{"line":67,"column":32}},"loc":{"start":{"line":67,"column":32},"end":{"line":70,"column":null}},"line":67},"6":{"name":"(anonymous_6)","decl":{"start":{"line":72,"column":27},"end":{"line":72,"column":33}},"loc":{"start":{"line":72,"column":33},"end":{"line":74,"column":null}},"line":72},"7":{"name":"(anonymous_7)","decl":{"start":{"line":76,"column":28},"end":{"line":76,"column":29}},"loc":{"start":{"line":76,"column":72},"end":{"line":78,"column":null}},"line":76},"8":{"name":"(anonymous_8)","decl":{"start":{"line":80,"column":26},"end":{"line":80,"column":32}},"loc":{"start":{"line":80,"column":32},"end":{"line":88,"column":null}},"line":80},"9":{"name":"(anonymous_9)","decl":{"start":{"line":90,"column":29},"end":{"line":90,"column":30}},"loc":{"start":{"line":90,"column":75},"end":{"line":97,"column":null}},"line":90},"10":{"name":"(anonymous_10)","decl":{"start":{"line":99,"column":21},"end":{"line":99,"column":22}},"loc":{"start":{"line":99,"column":36},"end":{"line":103,"column":null}},"line":99},"11":{"name":"(anonymous_11)","decl":{"start":{"line":195,"column":21},"end":{"line":195,"column":27}},"loc":{"start":{"line":195,"column":27},"end":{"line":195,"column":null}},"line":195},"12":{"name":"(anonymous_12)","decl":{"start":{"line":208,"column":21},"end":{"line":208,"column":27}},"loc":{"start":{"line":208,"column":27},"end":{"line":208,"column":null}},"line":208},"13":{"name":"(anonymous_13)","decl":{"start":{"line":261,"column":17},"end":{"line":261,"column":23}},"loc":{"start":{"line":261,"column":23},"end":{"line":261,"column":null}},"line":261}},"branchMap":{"0":{"loc":{"start":{"line":27,"column":22},"end":{"line":29,"column":null}},"type":"cond-expr","locations":[{"start":{"line":28,"column":6},"end":{"line":28,"column":null}},{"start":{"line":29,"column":6},"end":{"line":29,"column":null}}],"line":27},"1":{"loc":{"start":{"line":28,"column":42},"end":{"line":28,"column":72}},"type":"binary-expr","locations":[{"start":{"line":28,"column":42},"end":{"line":28,"column":69}},{"start":{"line":28,"column":69},"end":{"line":28,"column":72}}],"line":28},"2":{"loc":{"start":{"line":32,"column":23},"end":{"line":32,"column":null}},"type":"cond-expr","locations":[{"start":{"line":32,"column":45},"end":{"line":32,"column":53}},{"start":{"line":32,"column":53},"end":{"line":32,"column":null}}],"line":32},"3":{"loc":{"start":{"line":56,"column":4},"end":{"line":59,"column":null}},"type":"if","locations":[{"start":{"line":56,"column":4},"end":{"line":59,"column":null}},{"start":{},"end":{}}],"line":56},"4":{"loc":{"start":{"line":56,"column":8},"end":{"line":56,"column":43}},"type":"binary-expr","locations":[{"start":{"line":56,"column":8},"end":{"line":56,"column":25}},{"start":{"line":56,"column":25},"end":{"line":56,"column":43}}],"line":56},"5":{"loc":{"start":{"line":83,"column":4},"end":{"line":87,"column":null}},"type":"if","locations":[{"start":{"line":83,"column":4},"end":{"line":87,"column":null}},{"start":{"line":85,"column":11},"end":{"line":87,"column":null}}],"line":83},"6":{"loc":{"start":{"line":83,"column":8},"end":{"line":83,"column":69}},"type":"binary-expr","locations":[{"start":{"line":83,"column":8},"end":{"line":83,"column":27}},{"start":{"line":83,"column":27},"end":{"line":83,"column":49}},{"start":{"line":83,"column":49},"end":{"line":83,"column":69}}],"line":83},"7":{"loc":{"start":{"line":91,"column":4},"end":{"line":96,"column":null}},"type":"if","locations":[{"start":{"line":91,"column":4},"end":{"line":96,"column":null}},{"start":{"line":93,"column":4},"end":{"line":96,"column":null}}],"line":91},"8":{"loc":{"start":{"line":93,"column":4},"end":{"line":96,"column":null}},"type":"if","locations":[{"start":{"line":93,"column":4},"end":{"line":96,"column":null}},{"start":{},"end":{}}],"line":93},"9":{"loc":{"start":{"line":100,"column":4},"end":{"line":100,"column":null}},"type":"if","locations":[{"start":{"line":100,"column":4},"end":{"line":100,"column":null}},{"start":{},"end":{}}],"line":100},"10":{"loc":{"start":{"line":101,"column":4},"end":{"line":101,"column":null}},"type":"if","locations":[{"start":{"line":101,"column":4},"end":{"line":101,"column":null}},{"start":{},"end":{}}],"line":101},"11":{"loc":{"start":{"line":128,"column":22},"end":{"line":128,"column":null}},"type":"cond-expr","locations":[{"start":{"line":128,"column":47},"end":{"line":128,"column":63}},{"start":{"line":128,"column":63},"end":{"line":128,"column":null}}],"line":128},"12":{"loc":{"start":{"line":129,"column":23},"end":{"line":129,"column":null}},"type":"cond-expr","locations":[{"start":{"line":129,"column":48},"end":{"line":129,"column":54}},{"start":{"line":129,"column":54},"end":{"line":129,"column":null}}],"line":129},"13":{"loc":{"start":{"line":137,"column":11},"end":{"line":173,"column":null}},"type":"cond-expr","locations":[{"start":{"line":138,"column":12},"end":{"line":158,"column":null}},{"start":{"line":160,"column":12},"end":{"line":173,"column":null}}],"line":137},"14":{"loc":{"start":{"line":181,"column":22},"end":{"line":181,"column":null}},"type":"cond-expr","locations":[{"start":{"line":181,"column":47},"end":{"line":181,"column":63}},{"start":{"line":181,"column":63},"end":{"line":181,"column":null}}],"line":181},"15":{"loc":{"start":{"line":182,"column":23},"end":{"line":182,"column":null}},"type":"cond-expr","locations":[{"start":{"line":182,"column":48},"end":{"line":182,"column":54}},{"start":{"line":182,"column":54},"end":{"line":182,"column":null}}],"line":182},"16":{"loc":{"start":{"line":198,"column":31},"end":{"line":198,"column":null}},"type":"cond-expr","locations":[{"start":{"line":198,"column":53},"end":{"line":198,"column":65}},{"start":{"line":198,"column":65},"end":{"line":198,"column":null}}],"line":198},"17":{"loc":{"start":{"line":211,"column":31},"end":{"line":211,"column":null}},"type":"cond-expr","locations":[{"start":{"line":211,"column":48},"end":{"line":211,"column":60}},{"start":{"line":211,"column":60},"end":{"line":211,"column":null}}],"line":211},"18":{"loc":{"start":{"line":238,"column":9},"end":{"line":255,"column":null}},"type":"cond-expr","locations":[{"start":{"line":239,"column":10},"end":{"line":245,"column":null}},{"start":{"line":247,"column":10},"end":{"line":255,"column":null}}],"line":238}},"s":{"0":0,"1":0,"2":0,"3":0,"4":0,"5":0,"6":0,"7":0,"8":0,"9":0,"10":0,"11":0,"12":0,"13":0,"14":0,"15":0,"16":0,"17":0,"18":0,"19":0,"20":0,"21":0,"22":0,"23":0,"24":0,"25":0,"26":0,"27":0,"28":0,"29":0,"30":0,"31":0,"32":0,"33":0,"34":0,"35":0,"36":0,"37":0,"38":0,"39":0,"40":0,"41":0,"42":0,"43":0,"44":0,"45":0,"46":0,"47":0,"48":0,"49":0,"50":0,"51":0,"52":0,"53":0,"54":0,"55":0,"56":0},"f":{"0":0,"1":0,"2":0,"3":0,"4":0,"5":0,"6":0,"7":0,"8":0,"9":0,"10":0,"11":0,"12":0,"13":0},"b":{"0":[0,0],"1":[0,0],"2":[0,0],"3":[0,0],"4":[0,0],"5":[0,0],"6":[0,0,0],"7":[0,0],"8":[0,0],"9":[0,0],"10":[0,0],"11":[0,0],"12":[0,0],"13":[0,0],"14":[0,0],"15":[0,0],"16":[0,0],"17":[0,0],"18":[0,0]},"meta":{"lastBranch":19,"lastFunction":14,"lastStatement":57,"seen":{"f:19:16:19:26":0,"s:20:38:20:Infinity":0,"s:22:18:22:Infinity":1,"s:23:18:23:Infinity":2,"s:26:20:26:Infinity":3,"s:27:22:29:Infinity":4,"b:28:6:28:Infinity:29:6:29:Infinity":0,"b:28:42:28:69:28:69:28:72":1,"s:31:20:31:Infinity":5,"s:32:23:32:Infinity":6,"b:32:45:32:53:32:53:32:Infinity":2,"s:34:36:34:Infinity":7,"s:35:38:35:Infinity":8,"s:36:22:36:Infinity":9,"s:37:40:37:Infinity":10,"s:38:34:38:Infinity":11,"s:39:8:39:Infinity":12,"s:41:15:41:Infinity":13,"s:44:2:49:Infinity":14,"f:44:12:44:18":1,"s:45:19:45:Infinity":15,"s:46:4:46:Infinity":16,"s:47:4:47:Infinity":17,"s:48:4:48:Infinity":18,"s:51:2:53:Infinity":19,"f:51:12:51:18":2,"s:52:4:52:Infinity":20,"s:55:2:60:Infinity":21,"f:55:12:55:18":3,"b:56:4:59:Infinity:undefined:undefined:undefined:undefined":3,"s:56:4:59:Infinity":22,"b:56:8:56:25:56:25:56:43":4,"s:57:6:57:Infinity":23,"s:58:6:58:Infinity":24,"s:62:26:65:Infinity":25,"f:62:26:62:32":4,"s:63:20:63:Infinity":26,"s:64:4:64:Infinity":27,"s:67:26:70:Infinity":28,"f:67:26:67:32":5,"s:68:20:68:Infinity":29,"s:69:4:69:Infinity":30,"s:72:27:74:Infinity":31,"f:72:27:72:33":6,"s:73:4:73:Infinity":32,"s:76:28:78:Infinity":33,"f:76:28:76:29":7,"s:77:4:77:Infinity":34,"s:80:26:88:Infinity":35,"f:80:26:80:32":8,"s:81:4:81:Infinity":36,"s:82:20:82:Infinity":37,"b:83:4:87:Infinity:85:11:87:Infinity":5,"s:83:4:87:Infinity":38,"b:83:8:83:27:83:27:83:49:83:49:83:69":6,"s:84:6:84:Infinity":39,"s:86:6:86:Infinity":40,"s:90:29:97:Infinity":41,"f:90:29:90:30":9,"b:91:4:96:Infinity:93:4:96:Infinity":7,"s:91:4:96:Infinity":42,"s:92:6:92:Infinity":43,"b:93:4:96:Infinity:undefined:undefined:undefined:undefined":8,"s:93:4:96:Infinity":44,"s:94:6:94:Infinity":45,"s:95:6:95:Infinity":46,"s:99:21:103:Infinity":47,"f:99:21:99:22":10,"b:100:4:100:Infinity:undefined:undefined:undefined:undefined":9,"s:100:4:100:Infinity":48,"s:100:15:100:Infinity":49,"b:101:4:101:Infinity:undefined:undefined:undefined:undefined":10,"s:101:4:101:Infinity":50,"s:101:17:101:Infinity":51,"s:102:4:102:Infinity":52,"s:105:2:265:Infinity":53,"b:128:47:128:63:128:63:128:Infinity":11,"b:129:48:129:54:129:54:129:Infinity":12,"b:138:12:158:Infinity:160:12:173:Infinity":13,"b:181:47:181:63:181:63:181:Infinity":14,"b:182:48:182:54:182:54:182:Infinity":15,"f:195:21:195:27":11,"s:195:27:195:Infinity":54,"b:198:53:198:65:198:65:198:Infinity":16,"f:208:21:208:27":12,"s:208:27:208:Infinity":55,"b:211:48:211:60:211:60:211:Infinity":17,"b:239:10:245:Infinity:247:10:255:Infinity":18,"f:261:17:261:23":13,"s:261:23:261:Infinity":56}}}
,"/Users/gfelter/code/catholic-history-atlas/src/components/DetailsModal.tsx": {"path":"/Users/gfelter/code/catholic-history-atlas/src/components/DetailsModal.tsx","statementMap":{"0":{"start":{"line":14,"column":2},"end":{"line":14,"column":null}},"1":{"start":{"line":14,"column":13},"end":{"line":14,"column":null}},"2":{"start":{"line":16,"column":19},"end":{"line":16,"column":null}},"3":{"start":{"line":17,"column":21},"end":{"line":17,"column":null}},"4":{"start":{"line":19,"column":2},"end":{"line":72,"column":null}},"5":{"start":{"line":46,"column":24},"end":{"line":46,"column":null}},"6":{"start":{"line":77,"column":16},"end":{"line":79,"column":null}},"7":{"start":{"line":82,"column":26},"end":{"line":82,"column":null}},"8":{"start":{"line":83,"column":20},"end":{"line":83,"column":null}},"9":{"start":{"line":83,"column":46},"end":{"line":83,"column":70}},"10":{"start":{"line":84,"column":19},"end":{"line":84,"column":null}},"11":{"start":{"line":87,"column":19},"end":{"line":87,"column":null}},"12":{"start":{"line":88,"column":28},"end":{"line":88,"column":null}},"13":{"start":{"line":91,"column":33},"end":{"line":102,"column":null}},"14":{"start":{"line":92,"column":4},"end":{"line":94,"column":null}},"15":{"start":{"line":93,"column":6},"end":{"line":93,"column":null}},"16":{"start":{"line":95,"column":4},"end":{"line":97,"column":null}},"17":{"start":{"line":96,"column":6},"end":{"line":96,"column":null}},"18":{"start":{"line":98,"column":4},"end":{"line":100,"column":null}},"19":{"start":{"line":99,"column":6},"end":{"line":99,"column":null}},"20":{"start":{"line":101,"column":4},"end":{"line":101,"column":null}},"21":{"start":{"line":104,"column":30},"end":{"line":104,"column":null}},"22":{"start":{"line":106,"column":2},"end":{"line":404,"column":null}},"23":{"start":{"line":222,"column":14},"end":{"line":236,"column":null}},"24":{"start":{"line":282,"column":14},"end":{"line":318,"column":null}},"25":{"start":{"line":299,"column":18},"end":{"line":299,"column":null}},"26":{"start":{"line":300,"column":18},"end":{"line":300,"column":null}},"27":{"start":{"line":303,"column":18},"end":{"line":303,"column":null}},"28":{"start":{"line":304,"column":18},"end":{"line":304,"column":null}},"29":{"start":{"line":355,"column":35},"end":{"line":355,"column":null}},"30":{"start":{"line":356,"column":35},"end":{"line":356,"column":null}},"31":{"start":{"line":375,"column":35},"end":{"line":375,"column":null}},"32":{"start":{"line":376,"column":35},"end":{"line":376,"column":null}},"33":{"start":{"line":395,"column":35},"end":{"line":395,"column":null}},"34":{"start":{"line":396,"column":35},"end":{"line":396,"column":null}},"35":{"start":{"line":409,"column":16},"end":{"line":411,"column":null}},"36":{"start":{"line":413,"column":2},"end":{"line":593,"column":null}},"37":{"start":{"line":433,"column":33},"end":{"line":433,"column":null}},"38":{"start":{"line":434,"column":18},"end":{"line":434,"column":null}},"39":{"start":{"line":513,"column":14},"end":{"line":527,"column":null}},"40":{"start":{"line":564,"column":35},"end":{"line":564,"column":null}},"41":{"start":{"line":565,"column":35},"end":{"line":565,"column":null}},"42":{"start":{"line":584,"column":35},"end":{"line":584,"column":null}},"43":{"start":{"line":585,"column":35},"end":{"line":585,"column":null}},"44":{"start":{"line":598,"column":16},"end":{"line":600,"column":null}},"45":{"start":{"line":602,"column":28},"end":{"line":605,"column":null}},"46":{"start":{"line":607,"column":8},"end":{"line":607,"column":null}},"47":{"start":{"line":609,"column":2},"end":{"line":755,"column":null}},"48":{"start":{"line":630,"column":33},"end":{"line":630,"column":null}},"49":{"start":{"line":631,"column":18},"end":{"line":631,"column":null}},"50":{"start":{"line":726,"column":35},"end":{"line":726,"column":null}},"51":{"start":{"line":727,"column":35},"end":{"line":727,"column":null}},"52":{"start":{"line":746,"column":35},"end":{"line":746,"column":null}},"53":{"start":{"line":747,"column":35},"end":{"line":747,"column":null}}},"fnMap":{"0":{"name":"DetailsModal","decl":{"start":{"line":13,"column":16},"end":{"line":13,"column":29}},"loc":{"start":{"line":13,"column":67},"end":{"line":74,"column":null}},"line":13},"1":{"name":"(anonymous_1)","decl":{"start":{"line":46,"column":17},"end":{"line":46,"column":18}},"loc":{"start":{"line":46,"column":24},"end":{"line":46,"column":null}},"line":46},"2":{"name":"PersonDetails","decl":{"start":{"line":76,"column":9},"end":{"line":76,"column":23}},"loc":{"start":{"line":76,"column":55},"end":{"line":406,"column":null}},"line":76},"3":{"name":"(anonymous_3)","decl":{"start":{"line":83,"column":41},"end":{"line":83,"column":46}},"loc":{"start":{"line":83,"column":46},"end":{"line":83,"column":70}},"line":83},"4":{"name":"(anonymous_4)","decl":{"start":{"line":91,"column":33},"end":{"line":91,"column":39}},"loc":{"start":{"line":91,"column":39},"end":{"line":102,"column":null}},"line":91},"5":{"name":"(anonymous_5)","decl":{"start":{"line":221,"column":34},"end":{"line":221,"column":35}},"loc":{"start":{"line":222,"column":14},"end":{"line":236,"column":null}},"line":222},"6":{"name":"(anonymous_6)","decl":{"start":{"line":281,"column":33},"end":{"line":281,"column":34}},"loc":{"start":{"line":282,"column":14},"end":{"line":318,"column":null}},"line":282},"7":{"name":"(anonymous_7)","decl":{"start":{"line":298,"column":30},"end":{"line":298,"column":31}},"loc":{"start":{"line":298,"column":37},"end":{"line":301,"column":null}},"line":298},"8":{"name":"(anonymous_8)","decl":{"start":{"line":302,"column":30},"end":{"line":302,"column":31}},"loc":{"start":{"line":302,"column":37},"end":{"line":305,"column":null}},"line":302},"9":{"name":"(anonymous_9)","decl":{"start":{"line":355,"column":28},"end":{"line":355,"column":29}},"loc":{"start":{"line":355,"column":35},"end":{"line":355,"column":null}},"line":355},"10":{"name":"(anonymous_10)","decl":{"start":{"line":356,"column":28},"end":{"line":356,"column":29}},"loc":{"start":{"line":356,"column":35},"end":{"line":356,"column":null}},"line":356},"11":{"name":"(anonymous_11)","decl":{"start":{"line":375,"column":28},"end":{"line":375,"column":29}},"loc":{"start":{"line":375,"column":35},"end":{"line":375,"column":null}},"line":375},"12":{"name":"(anonymous_12)","decl":{"start":{"line":376,"column":28},"end":{"line":376,"column":29}},"loc":{"start":{"line":376,"column":35},"end":{"line":376,"column":null}},"line":376},"13":{"name":"(anonymous_13)","decl":{"start":{"line":395,"column":28},"end":{"line":395,"column":29}},"loc":{"start":{"line":395,"column":35},"end":{"line":395,"column":null}},"line":395},"14":{"name":"(anonymous_14)","decl":{"start":{"line":396,"column":28},"end":{"line":396,"column":29}},"loc":{"start":{"line":396,"column":35},"end":{"line":396,"column":null}},"line":396},"15":{"name":"EventDetails","decl":{"start":{"line":408,"column":9},"end":{"line":408,"column":22}},"loc":{"start":{"line":408,"column":51},"end":{"line":595,"column":null}},"line":408},"16":{"name":"(anonymous_16)","decl":{"start":{"line":432,"column":25},"end":{"line":432,"column":26}},"loc":{"start":{"line":432,"column":32},"end":{"line":435,"column":null}},"line":432},"17":{"name":"(anonymous_17)","decl":{"start":{"line":512,"column":36},"end":{"line":512,"column":37}},"loc":{"start":{"line":513,"column":14},"end":{"line":527,"column":null}},"line":513},"18":{"name":"(anonymous_18)","decl":{"start":{"line":564,"column":28},"end":{"line":564,"column":29}},"loc":{"start":{"line":564,"column":35},"end":{"line":564,"column":null}},"line":564},"19":{"name":"(anonymous_19)","decl":{"start":{"line":565,"column":28},"end":{"line":565,"column":29}},"loc":{"start":{"line":565,"column":35},"end":{"line":565,"column":null}},"line":565},"20":{"name":"(anonymous_20)","decl":{"start":{"line":584,"column":28},"end":{"line":584,"column":29}},"loc":{"start":{"line":584,"column":35},"end":{"line":584,"column":null}},"line":584},"21":{"name":"(anonymous_21)","decl":{"start":{"line":585,"column":28},"end":{"line":585,"column":29}},"loc":{"start":{"line":585,"column":35},"end":{"line":585,"column":null}},"line":585},"22":{"name":"BasilicaDetails","decl":{"start":{"line":597,"column":9},"end":{"line":597,"column":25}},"loc":{"start":{"line":597,"column":63},"end":{"line":757,"column":null}},"line":597},"23":{"name":"(anonymous_23)","decl":{"start":{"line":629,"column":25},"end":{"line":629,"column":26}},"loc":{"start":{"line":629,"column":32},"end":{"line":632,"column":null}},"line":629},"24":{"name":"(anonymous_24)","decl":{"start":{"line":726,"column":28},"end":{"line":726,"column":29}},"loc":{"start":{"line":726,"column":35},"end":{"line":726,"column":null}},"line":726},"25":{"name":"(anonymous_25)","decl":{"start":{"line":727,"column":28},"end":{"line":727,"column":29}},"loc":{"start":{"line":727,"column":35},"end":{"line":727,"column":null}},"line":727},"26":{"name":"(anonymous_26)","decl":{"start":{"line":746,"column":28},"end":{"line":746,"column":29}},"loc":{"start":{"line":746,"column":35},"end":{"line":746,"column":null}},"line":746},"27":{"name":"(anonymous_27)","decl":{"start":{"line":747,"column":28},"end":{"line":747,"column":29}},"loc":{"start":{"line":747,"column":35},"end":{"line":747,"column":null}},"line":747}},"branchMap":{"0":{"loc":{"start":{"line":14,"column":2},"end":{"line":14,"column":null}},"type":"if","locations":[{"start":{"line":14,"column":2},"end":{"line":14,"column":null}},{"start":{},"end":{}}],"line":14},"1":{"loc":{"start":{"line":17,"column":21},"end":{"line":17,"column":null}},"type":"binary-expr","locations":[{"start":{"line":17,"column":21},"end":{"line":17,"column":40}},{"start":{"line":17,"column":40},"end":{"line":17,"column":74}},{"start":{"line":17,"column":74},"end":{"line":17,"column":108}},{"start":{"line":17,"column":108},"end":{"line":17,"column":148}},{"start":{"line":17,"column":148},"end":{"line":17,"column":null}}],"line":17},"2":{"loc":{"start":{"line":64,"column":9},"end":{"line":69,"column":null}},"type":"cond-expr","locations":[{"start":{"line":65,"column":10},"end":{"line":65,"column":null}},{"start":{"line":66,"column":12},"end":{"line":69,"column":null}}],"line":64},"3":{"loc":{"start":{"line":66,"column":12},"end":{"line":69,"column":null}},"type":"cond-expr","locations":[{"start":{"line":67,"column":10},"end":{"line":67,"column":null}},{"start":{"line":69,"column":10},"end":{"line":69,"column":null}}],"line":66},"4":{"loc":{"start":{"line":77,"column":16},"end":{"line":79,"column":null}},"type":"cond-expr","locations":[{"start":{"line":78,"column":6},"end":{"line":78,"column":null}},{"start":{"line":79,"column":6},"end":{"line":79,"column":null}}],"line":77},"5":{"loc":{"start":{"line":83,"column":20},"end":{"line":83,"column":null}},"type":"binary-expr","locations":[{"start":{"line":83,"column":20},"end":{"line":83,"column":86}},{"start":{"line":83,"column":86},"end":{"line":83,"column":null}}],"line":83},"6":{"loc":{"start":{"line":92,"column":4},"end":{"line":94,"column":null}},"type":"if","locations":[{"start":{"line":92,"column":4},"end":{"line":94,"column":null}},{"start":{},"end":{}}],"line":92},"7":{"loc":{"start":{"line":95,"column":4},"end":{"line":97,"column":null}},"type":"if","locations":[{"start":{"line":95,"column":4},"end":{"line":97,"column":null}},{"start":{},"end":{}}],"line":95},"8":{"loc":{"start":{"line":98,"column":4},"end":{"line":100,"column":null}},"type":"if","locations":[{"start":{"line":98,"column":4},"end":{"line":100,"column":null}},{"start":{},"end":{}}],"line":98},"9":{"loc":{"start":{"line":111,"column":11},"end":{"line":120,"column":null}},"type":"binary-expr","locations":[{"start":{"line":111,"column":11},"end":{"line":111,"column":null}},{"start":{"line":112,"column":12},"end":{"line":120,"column":null}}],"line":111},"10":{"loc":{"start":{"line":140,"column":13},"end":{"line":149,"column":null}},"type":"binary-expr","locations":[{"start":{"line":140,"column":13},"end":{"line":140,"column":null}},{"start":{"line":141,"column":14},"end":{"line":149,"column":null}}],"line":140},"11":{"loc":{"start":{"line":149,"column":14},"end":{"line":182,"column":null}},"type":"binary-expr","locations":[{"start":{"line":151,"column":14},"end":{"line":151,"column":26}},{"start":{"line":151,"column":26},"end":{"line":151,"column":null}},{"start":{"line":152,"column":14},"end":{"line":182,"column":null}}],"line":149},"12":{"loc":{"start":{"line":158,"column":17},"end":{"line":168,"column":null}},"type":"binary-expr","locations":[{"start":{"line":158,"column":17},"end":{"line":158,"column":null}},{"start":{"line":159,"column":18},"end":{"line":168,"column":null}}],"line":158},"13":{"loc":{"start":{"line":170,"column":17},"end":{"line":180,"column":null}},"type":"binary-expr","locations":[{"start":{"line":170,"column":17},"end":{"line":170,"column":null}},{"start":{"line":171,"column":18},"end":{"line":180,"column":null}}],"line":170},"14":{"loc":{"start":{"line":205,"column":7},"end":{"line":239,"column":null}},"type":"binary-expr","locations":[{"start":{"line":205,"column":7},"end":{"line":205,"column":27}},{"start":{"line":205,"column":27},"end":{"line":205,"column":null}},{"start":{"line":206,"column":8},"end":{"line":239,"column":null}}],"line":205},"15":{"loc":{"start":{"line":243,"column":7},"end":{"line":259,"column":null}},"type":"binary-expr","locations":[{"start":{"line":243,"column":7},"end":{"line":243,"column":null}},{"start":{"line":244,"column":8},"end":{"line":259,"column":null}}],"line":243},"16":{"loc":{"start":{"line":263,"column":7},"end":{"line":321,"column":null}},"type":"binary-expr","locations":[{"start":{"line":263,"column":7},"end":{"line":263,"column":26}},{"start":{"line":263,"column":26},"end":{"line":263,"column":null}},{"start":{"line":264,"column":8},"end":{"line":321,"column":null}}],"line":263},"17":{"loc":{"start":{"line":342,"column":11},"end":{"line":360,"column":null}},"type":"binary-expr","locations":[{"start":{"line":342,"column":11},"end":{"line":342,"column":null}},{"start":{"line":343,"column":12},"end":{"line":360,"column":null}}],"line":342},"18":{"loc":{"start":{"line":362,"column":11},"end":{"line":380,"column":null}},"type":"binary-expr","locations":[{"start":{"line":362,"column":11},"end":{"line":362,"column":null}},{"start":{"line":363,"column":12},"end":{"line":380,"column":null}}],"line":362},"19":{"loc":{"start":{"line":382,"column":11},"end":{"line":400,"column":null}},"type":"binary-expr","locations":[{"start":{"line":382,"column":11},"end":{"line":382,"column":null}},{"start":{"line":383,"column":12},"end":{"line":400,"column":null}}],"line":382},"20":{"loc":{"start":{"line":409,"column":16},"end":{"line":411,"column":null}},"type":"cond-expr","locations":[{"start":{"line":410,"column":6},"end":{"line":410,"column":null}},{"start":{"line":411,"column":6},"end":{"line":411,"column":null}}],"line":409},"21":{"loc":{"start":{"line":418,"column":11},"end":{"line":437,"column":null}},"type":"binary-expr","locations":[{"start":{"line":418,"column":11},"end":{"line":418,"column":null}},{"start":{"line":419,"column":12},"end":{"line":437,"column":null}}],"line":418},"22":{"loc":{"start":{"line":496,"column":7},"end":{"line":530,"column":null}},"type":"binary-expr","locations":[{"start":{"line":496,"column":7},"end":{"line":496,"column":29}},{"start":{"line":496,"column":29},"end":{"line":496,"column":null}},{"start":{"line":497,"column":8},"end":{"line":530,"column":null}}],"line":496},"23":{"loc":{"start":{"line":551,"column":11},"end":{"line":569,"column":null}},"type":"binary-expr","locations":[{"start":{"line":551,"column":11},"end":{"line":551,"column":null}},{"start":{"line":552,"column":12},"end":{"line":569,"column":null}}],"line":551},"24":{"loc":{"start":{"line":571,"column":11},"end":{"line":589,"column":null}},"type":"binary-expr","locations":[{"start":{"line":571,"column":11},"end":{"line":571,"column":null}},{"start":{"line":572,"column":12},"end":{"line":589,"column":null}}],"line":571},"25":{"loc":{"start":{"line":598,"column":16},"end":{"line":600,"column":null}},"type":"cond-expr","locations":[{"start":{"line":599,"column":6},"end":{"line":599,"column":null}},{"start":{"line":600,"column":6},"end":{"line":600,"column":null}}],"line":598},"26":{"loc":{"start":{"line":600,"column":6},"end":{"line":600,"column":null}},"type":"binary-expr","locations":[{"start":{"line":600,"column":6},"end":{"line":600,"column":40}},{"start":{"line":600,"column":40},"end":{"line":600,"column":null}}],"line":600},"27":{"loc":{"start":{"line":602,"column":28},"end":{"line":605,"column":null}},"type":"cond-expr","locations":[{"start":{"line":602,"column":65},"end":{"line":602,"column":null}},{"start":{"line":603,"column":28},"end":{"line":605,"column":null}}],"line":602},"28":{"loc":{"start":{"line":603,"column":28},"end":{"line":605,"column":null}},"type":"cond-expr","locations":[{"start":{"line":603,"column":65},"end":{"line":603,"column":null}},{"start":{"line":604,"column":28},"end":{"line":605,"column":null}}],"line":603},"29":{"loc":{"start":{"line":604,"column":28},"end":{"line":605,"column":null}},"type":"cond-expr","locations":[{"start":{"line":604,"column":71},"end":{"line":604,"column":null}},{"start":{"line":605,"column":28},"end":{"line":605,"column":null}}],"line":604},"30":{"loc":{"start":{"line":614,"column":11},"end":{"line":634,"column":null}},"type":"binary-expr","locations":[{"start":{"line":614,"column":11},"end":{"line":614,"column":null}},{"start":{"line":615,"column":12},"end":{"line":634,"column":null}}],"line":614},"31":{"loc":{"start":{"line":678,"column":7},"end":{"line":692,"column":null}},"type":"binary-expr","locations":[{"start":{"line":678,"column":7},"end":{"line":678,"column":null}},{"start":{"line":679,"column":8},"end":{"line":692,"column":null}}],"line":678},"32":{"loc":{"start":{"line":713,"column":11},"end":{"line":731,"column":null}},"type":"binary-expr","locations":[{"start":{"line":713,"column":11},"end":{"line":713,"column":null}},{"start":{"line":714,"column":12},"end":{"line":731,"column":null}}],"line":713},"33":{"loc":{"start":{"line":733,"column":11},"end":{"line":751,"column":null}},"type":"binary-expr","locations":[{"start":{"line":733,"column":11},"end":{"line":733,"column":null}},{"start":{"line":734,"column":12},"end":{"line":751,"column":null}}],"line":733}},"s":{"0":0,"1":0,"2":0,"3":0,"4":0,"5":0,"6":0,"7":0,"8":0,"9":0,"10":0,"11":0,"12":0,"13":0,"14":0,"15":0,"16":0,"17":0,"18":0,"19":0,"20":0,"21":0,"22":0,"23":0,"24":0,"25":0,"26":0,"27":0,"28":0,"29":0,"30":0,"31":0,"32":0,"33":0,"34":0,"35":0,"36":0,"37":0,"38":0,"39":0,"40":0,"41":0,"42":0,"43":0,"44":0,"45":0,"46":0,"47":0,"48":0,"49":0,"50":0,"51":0,"52":0,"53":0},"f":{"0":0,"1":0,"2":0,"3":0,"4":0,"5":0,"6":0,"7":0,"8":0,"9":0,"10":0,"11":0,"12":0,"13":0,"14":0,"15":0,"16":0,"17":0,"18":0,"19":0,"20":0,"21":0,"22":0,"23":0,"24":0,"25":0,"26":0,"27":0},"b":{"0":[0,0],"1":[0,0,0,0,0],"2":[0,0],"3":[0,0],"4":[0,0],"5":[0,0],"6":[0,0],"7":[0,0],"8":[0,0],"9":[0,0],"10":[0,0],"11":[0,0,0],"12":[0,0],"13":[0,0],"14":[0,0,0],"15":[0,0],"16":[0,0,0],"17":[0,0],"18":[0,0],"19":[0,0],"20":[0,0],"21":[0,0],"22":[0,0,0],"23":[0,0],"24":[0,0],"25":[0,0],"26":[0,0],"27":[0,0],"28":[0,0],"29":[0,0],"30":[0,0],"31":[0,0],"32":[0,0],"33":[0,0]},"meta":{"lastBranch":34,"lastFunction":28,"lastStatement":54,"seen":{"f:13:16:13:29":0,"b:14:2:14:Infinity:undefined:undefined:undefined:undefined":0,"s:14:2:14:Infinity":0,"s:14:13:14:Infinity":1,"s:16:19:16:Infinity":2,"s:17:21:17:Infinity":3,"b:17:21:17:40:17:40:17:74:17:74:17:108:17:108:17:148:17:148:17:Infinity":1,"s:19:2:72:Infinity":4,"f:46:17:46:18":1,"s:46:24:46:Infinity":5,"b:65:10:65:Infinity:66:12:69:Infinity":2,"b:67:10:67:Infinity:69:10:69:Infinity":3,"f:76:9:76:23":2,"s:77:16:79:Infinity":6,"b:78:6:78:Infinity:79:6:79:Infinity":4,"s:82:26:82:Infinity":7,"s:83:20:83:Infinity":8,"b:83:20:83:86:83:86:83:Infinity":5,"f:83:41:83:46":3,"s:83:46:83:70":9,"s:84:19:84:Infinity":10,"s:87:19:87:Infinity":11,"s:88:28:88:Infinity":12,"s:91:33:102:Infinity":13,"f:91:33:91:39":4,"b:92:4:94:Infinity:undefined:undefined:undefined:undefined":6,"s:92:4:94:Infinity":14,"s:93:6:93:Infinity":15,"b:95:4:97:Infinity:undefined:undefined:undefined:undefined":7,"s:95:4:97:Infinity":16,"s:96:6:96:Infinity":17,"b:98:4:100:Infinity:undefined:undefined:undefined:undefined":8,"s:98:4:100:Infinity":18,"s:99:6:99:Infinity":19,"s:101:4:101:Infinity":20,"s:104:30:104:Infinity":21,"s:106:2:404:Infinity":22,"b:111:11:111:Infinity:112:12:120:Infinity":9,"b:140:13:140:Infinity:141:14:149:Infinity":10,"b:151:14:151:26:151:26:151:Infinity:152:14:182:Infinity":11,"b:158:17:158:Infinity:159:18:168:Infinity":12,"b:170:17:170:Infinity:171:18:180:Infinity":13,"b:205:7:205:27:205:27:205:Infinity:206:8:239:Infinity":14,"f:221:34:221:35":5,"s:222:14:236:Infinity":23,"b:243:7:243:Infinity:244:8:259:Infinity":15,"b:263:7:263:26:263:26:263:Infinity:264:8:321:Infinity":16,"f:281:33:281:34":6,"s:282:14:318:Infinity":24,"f:298:30:298:31":7,"s:299:18:299:Infinity":25,"s:300:18:300:Infinity":26,"f:302:30:302:31":8,"s:303:18:303:Infinity":27,"s:304:18:304:Infinity":28,"b:342:11:342:Infinity:343:12:360:Infinity":17,"f:355:28:355:29":9,"s:355:35:355:Infinity":29,"f:356:28:356:29":10,"s:356:35:356:Infinity":30,"b:362:11:362:Infinity:363:12:380:Infinity":18,"f:375:28:375:29":11,"s:375:35:375:Infinity":31,"f:376:28:376:29":12,"s:376:35:376:Infinity":32,"b:382:11:382:Infinity:383:12:400:Infinity":19,"f:395:28:395:29":13,"s:395:35:395:Infinity":33,"f:396:28:396:29":14,"s:396:35:396:Infinity":34,"f:408:9:408:22":15,"s:409:16:411:Infinity":35,"b:410:6:410:Infinity:411:6:411:Infinity":20,"s:413:2:593:Infinity":36,"b:418:11:418:Infinity:419:12:437:Infinity":21,"f:432:25:432:26":16,"s:433:33:433:Infinity":37,"s:434:18:434:Infinity":38,"b:496:7:496:29:496:29:496:Infinity:497:8:530:Infinity":22,"f:512:36:512:37":17,"s:513:14:527:Infinity":39,"b:551:11:551:Infinity:552:12:569:Infinity":23,"f:564:28:564:29":18,"s:564:35:564:Infinity":40,"f:565:28:565:29":19,"s:565:35:565:Infinity":41,"b:571:11:571:Infinity:572:12:589:Infinity":24,"f:584:28:584:29":20,"s:584:35:584:Infinity":42,"f:585:28:585:29":21,"s:585:35:585:Infinity":43,"f:597:9:597:25":22,"s:598:16:600:Infinity":44,"b:599:6:599:Infinity:600:6:600:Infinity":25,"b:600:6:600:40:600:40:600:Infinity":26,"s:602:28:605:Infinity":45,"b:602:65:602:Infinity:603:28:605:Infinity":27,"b:603:65:603:Infinity:604:28:605:Infinity":28,"b:604:71:604:Infinity:605:28:605:Infinity":29,"s:607:8:607:Infinity":46,"s:609:2:755:Infinity":47,"b:614:11:614:Infinity:615:12:634:Infinity":30,"f:629:25:629:26":23,"s:630:33:630:Infinity":48,"s:631:18:631:Infinity":49,"b:678:7:678:Infinity:679:8:692:Infinity":31,"b:713:11:713:Infinity:714:12:731:Infinity":32,"f:726:28:726:29":24,"s:726:35:726:Infinity":50,"f:727:28:727:29":25,"s:727:35:727:Infinity":51,"b:733:11:733:Infinity:734:12:751:Infinity":33,"f:746:28:746:29":26,"s:746:35:746:Infinity":52,"f:747:28:747:29":27,"s:747:35:747:Infinity":53}}}
,"/Users/gfelter/code/catholic-history-atlas/src/components/FigurePortrait.tsx": {"path":"/Users/gfelter/code/catholic-history-atlas/src/components/FigurePortrait.tsx","statementMap":{"0":{"start":{"line":21,"column":30},"end":{"line":21,"column":null}},"1":{"start":{"line":23,"column":8},"end":{"line":23,"column":null}},"2":{"start":{"line":24,"column":26},"end":{"line":24,"column":null}},"3":{"start":{"line":26,"column":20},"end":{"line":26,"column":null}},"4":{"start":{"line":28,"column":8},"end":{"line":48,"column":null}},"5":{"start":{"line":29,"column":4},"end":{"line":31,"column":null}},"6":{"start":{"line":30,"column":6},"end":{"line":30,"column":null}},"7":{"start":{"line":33,"column":4},"end":{"line":47,"column":null}},"8":{"start":{"line":35,"column":8},"end":{"line":35,"column":null}},"9":{"start":{"line":37,"column":8},"end":{"line":37,"column":null}},"10":{"start":{"line":39,"column":8},"end":{"line":39,"column":null}},"11":{"start":{"line":41,"column":8},"end":{"line":41,"column":null}},"12":{"start":{"line":43,"column":8},"end":{"line":43,"column":null}},"13":{"start":{"line":46,"column":8},"end":{"line":46,"column":null}},"14":{"start":{"line":50,"column":8},"end":{"line":69,"column":null}},"15":{"start":{"line":51,"column":4},"end":{"line":53,"column":null}},"16":{"start":{"line":52,"column":6},"end":{"line":52,"column":null}},"17":{"start":{"line":54,"column":4},"end":{"line":68,"column":null}},"18":{"start":{"line":56,"column":8},"end":{"line":56,"column":null}},"19":{"start":{"line":58,"column":8},"end":{"line":58,"column":null}},"20":{"start":{"line":60,"column":8},"end":{"line":60,"column":null}},"21":{"start":{"line":62,"column":8},"end":{"line":62,"column":null}},"22":{"start":{"line":64,"column":8},"end":{"line":64,"column":null}},"23":{"start":{"line":67,"column":8},"end":{"line":67,"column":null}},"24":{"start":{"line":71,"column":20},"end":{"line":71,"column":null}},"25":{"start":{"line":73,"column":27},"end":{"line":85,"column":null}},"26":{"start":{"line":74,"column":4},"end":{"line":84,"column":null}},"27":{"start":{"line":75,"column":6},"end":{"line":75,"column":null}},"28":{"start":{"line":77,"column":23},"end":{"line":82,"column":null}},"29":{"start":{"line":79,"column":18},"end":{"line":79,"column":22}},"30":{"start":{"line":83,"column":6},"end":{"line":83,"column":null}},"31":{"start":{"line":87,"column":2},"end":{"line":99,"column":null}}},"fnMap":{"0":{"name":"FigurePortrait","decl":{"start":{"line":14,"column":16},"end":{"line":14,"column":31}},"loc":{"start":{"line":20,"column":24},"end":{"line":101,"column":null}},"line":20},"1":{"name":"(anonymous_1)","decl":{"start":{"line":28,"column":23},"end":{"line":28,"column":29}},"loc":{"start":{"line":28,"column":29},"end":{"line":48,"column":5}},"line":28},"2":{"name":"(anonymous_2)","decl":{"start":{"line":50,"column":19},"end":{"line":50,"column":25}},"loc":{"start":{"line":50,"column":25},"end":{"line":69,"column":5}},"line":50},"3":{"name":"(anonymous_3)","decl":{"start":{"line":73,"column":27},"end":{"line":73,"column":33}},"loc":{"start":{"line":73,"column":33},"end":{"line":85,"column":null}},"line":73},"4":{"name":"(anonymous_4)","decl":{"start":{"line":79,"column":13},"end":{"line":79,"column":18}},"loc":{"start":{"line":79,"column":18},"end":{"line":79,"column":22}},"line":79}},"branchMap":{"0":{"loc":{"start":{"line":18,"column":2},"end":{"line":18,"column":null}},"type":"default-arg","locations":[{"start":{"line":18,"column":13},"end":{"line":18,"column":null}}],"line":18},"1":{"loc":{"start":{"line":19,"column":2},"end":{"line":19,"column":null}},"type":"default-arg","locations":[{"start":{"line":19,"column":9},"end":{"line":19,"column":null}}],"line":19},"2":{"loc":{"start":{"line":24,"column":39},"end":{"line":24,"column":65}},"type":"binary-expr","locations":[{"start":{"line":24,"column":39},"end":{"line":24,"column":57}},{"start":{"line":24,"column":57},"end":{"line":24,"column":65}}],"line":24},"3":{"loc":{"start":{"line":29,"column":4},"end":{"line":31,"column":null}},"type":"if","locations":[{"start":{"line":29,"column":4},"end":{"line":31,"column":null}},{"start":{},"end":{}}],"line":29},"4":{"loc":{"start":{"line":29,"column":8},"end":{"line":29,"column":88}},"type":"binary-expr","locations":[{"start":{"line":29,"column":8},"end":{"line":29,"column":21}},{"start":{"line":29,"column":21},"end":{"line":29,"column":56}},{"start":{"line":29,"column":56},"end":{"line":29,"column":88}}],"line":29},"5":{"loc":{"start":{"line":33,"column":4},"end":{"line":47,"column":null}},"type":"switch","locations":[{"start":{"line":34,"column":6},"end":{"line":35,"column":null}},{"start":{"line":36,"column":6},"end":{"line":37,"column":null}},{"start":{"line":38,"column":6},"end":{"line":39,"column":null}},{"start":{"line":40,"column":6},"end":{"line":41,"column":null}},{"start":{"line":42,"column":6},"end":{"line":43,"column":null}},{"start":{"line":44,"column":6},"end":{"line":44,"column":null}},{"start":{"line":45,"column":6},"end":{"line":46,"column":null}}],"line":33},"6":{"loc":{"start":{"line":51,"column":4},"end":{"line":53,"column":null}},"type":"if","locations":[{"start":{"line":51,"column":4},"end":{"line":53,"column":null}},{"start":{},"end":{}}],"line":51},"7":{"loc":{"start":{"line":51,"column":8},"end":{"line":51,"column":88}},"type":"binary-expr","locations":[{"start":{"line":51,"column":8},"end":{"line":51,"column":21}},{"start":{"line":51,"column":21},"end":{"line":51,"column":56}},{"start":{"line":51,"column":56},"end":{"line":51,"column":88}}],"line":51},"8":{"loc":{"start":{"line":54,"column":4},"end":{"line":68,"column":null}},"type":"switch","locations":[{"start":{"line":55,"column":6},"end":{"line":56,"column":null}},{"start":{"line":57,"column":6},"end":{"line":58,"column":null}},{"start":{"line":59,"column":6},"end":{"line":60,"column":null}},{"start":{"line":61,"column":6},"end":{"line":62,"column":null}},{"start":{"line":63,"column":6},"end":{"line":64,"column":null}},{"start":{"line":65,"column":6},"end":{"line":65,"column":null}},{"start":{"line":66,"column":6},"end":{"line":67,"column":null}}],"line":54},"9":{"loc":{"start":{"line":74,"column":4},"end":{"line":84,"column":null}},"type":"if","locations":[{"start":{"line":74,"column":4},"end":{"line":84,"column":null}},{"start":{},"end":{}}],"line":74}},"s":{"0":21,"1":21,"2":21,"3":21,"4":21,"5":21,"6":3,"7":18,"8":7,"9":2,"10":3,"11":2,"12":2,"13":2,"14":21,"15":21,"16":3,"17":18,"18":7,"19":2,"20":3,"21":2,"22":2,"23":2,"24":21,"25":21,"26":0,"27":0,"28":0,"29":0,"30":0,"31":21},"f":{"0":21,"1":21,"2":21,"3":0,"4":0},"b":{"0":[21],"1":[21],"2":[21,0],"3":[3,18],"4":[21,4,2],"5":[18,2,3,2,2,2,2],"6":[3,18],"7":[21,4,2],"8":[18,2,3,2,2,2,2],"9":[0,0]},"meta":{"lastBranch":10,"lastFunction":5,"lastStatement":32,"seen":{"f:14:16:14:31":0,"b:18:13:18:Infinity":0,"b:19:9:19:Infinity":1,"s:21:30:21:Infinity":0,"s:23:8:23:Infinity":1,"s:24:26:24:Infinity":2,"b:24:39:24:57:24:57:24:65":2,"s:26:20:26:Infinity":3,"s:28:8:48:Infinity":4,"f:28:23:28:29":1,"b:29:4:31:Infinity:undefined:undefined:undefined:undefined":3,"s:29:4:31:Infinity":5,"b:29:8:29:21:29:21:29:56:29:56:29:88":4,"s:30:6:30:Infinity":6,"b:34:6:35:Infinity:36:6:37:Infinity:38:6:39:Infinity:40:6:41:Infinity:42:6:43:Infinity:44:6:44:Infinity:45:6:46:Infinity":5,"s:33:4:47:Infinity":7,"s:35:8:35:Infinity":8,"s:37:8:37:Infinity":9,"s:39:8:39:Infinity":10,"s:41:8:41:Infinity":11,"s:43:8:43:Infinity":12,"s:46:8:46:Infinity":13,"s:50:8:69:Infinity":14,"f:50:19:50:25":2,"b:51:4:53:Infinity:undefined:undefined:undefined:undefined":6,"s:51:4:53:Infinity":15,"b:51:8:51:21:51:21:51:56:51:56:51:88":7,"s:52:6:52:Infinity":16,"b:55:6:56:Infinity:57:6:58:Infinity:59:6:60:Infinity:61:6:62:Infinity:63:6:64:Infinity:65:6:65:Infinity:66:6:67:Infinity":8,"s:54:4:68:Infinity":17,"s:56:8:56:Infinity":18,"s:58:8:58:Infinity":19,"s:60:8:60:Infinity":20,"s:62:8:62:Infinity":21,"s:64:8:64:Infinity":22,"s:67:8:67:Infinity":23,"s:71:20:71:Infinity":24,"s:73:27:85:Infinity":25,"f:73:27:73:33":3,"b:74:4:84:Infinity:undefined:undefined:undefined:undefined":9,"s:74:4:84:Infinity":26,"s:75:6:75:Infinity":27,"s:77:23:82:Infinity":28,"f:79:13:79:18":4,"s:79:18:79:22":29,"s:83:6:83:Infinity":30,"s:87:2:99:Infinity":31}}}
,"/Users/gfelter/code/catholic-history-atlas/src/components/FrameLegend.tsx": {"path":"/Users/gfelter/code/catholic-history-atlas/src/components/FrameLegend.tsx","statementMap":{"0":{"start":{"line":9,"column":26},"end":{"line":9,"column":null}},"1":{"start":{"line":11,"column":27},"end":{"line":16,"column":null}},"2":{"start":{"line":18,"column":22},"end":{"line":75,"column":null}},"3":{"start":{"line":77,"column":2},"end":{"line":102,"column":null}},"4":{"start":{"line":79,"column":4},"end":{"line":100,"column":null}},"5":{"start":{"line":81,"column":23},"end":{"line":81,"column":null}},"6":{"start":{"line":105,"column":2},"end":{"line":240,"column":null}},"7":{"start":{"line":109,"column":25},"end":{"line":109,"column":null}},"8":{"start":{"line":145,"column":12},"end":{"line":145,"column":null}},"9":{"start":{"line":146,"column":12},"end":{"line":146,"column":null}},"10":{"start":{"line":160,"column":28},"end":{"line":160,"column":null}},"11":{"start":{"line":164,"column":16},"end":{"line":164,"column":null}},"12":{"start":{"line":165,"column":16},"end":{"line":165,"column":null}},"13":{"start":{"line":184,"column":16},"end":{"line":184,"column":null}},"14":{"start":{"line":187,"column":16},"end":{"line":187,"column":null}},"15":{"start":{"line":203,"column":16},"end":{"line":234,"column":null}}},"fnMap":{"0":{"name":"FrameLegend","decl":{"start":{"line":8,"column":16},"end":{"line":8,"column":28}},"loc":{"start":{"line":8,"column":59},"end":{"line":242,"column":null}},"line":8},"1":{"name":"(anonymous_1)","decl":{"start":{"line":81,"column":17},"end":{"line":81,"column":23}},"loc":{"start":{"line":81,"column":23},"end":{"line":81,"column":null}},"line":81},"2":{"name":"(anonymous_2)","decl":{"start":{"line":109,"column":19},"end":{"line":109,"column":25}},"loc":{"start":{"line":109,"column":25},"end":{"line":109,"column":null}},"line":109},"3":{"name":"(anonymous_3)","decl":{"start":{"line":144,"column":19},"end":{"line":144,"column":25}},"loc":{"start":{"line":144,"column":25},"end":{"line":147,"column":null}},"line":144},"4":{"name":"(anonymous_4)","decl":{"start":{"line":160,"column":21},"end":{"line":160,"column":22}},"loc":{"start":{"line":160,"column":28},"end":{"line":160,"column":null}},"line":160},"5":{"name":"(anonymous_5)","decl":{"start":{"line":163,"column":23},"end":{"line":163,"column":29}},"loc":{"start":{"line":163,"column":29},"end":{"line":166,"column":null}},"line":163},"6":{"name":"(anonymous_6)","decl":{"start":{"line":183,"column":28},"end":{"line":183,"column":29}},"loc":{"start":{"line":183,"column":35},"end":{"line":185,"column":null}},"line":183},"7":{"name":"(anonymous_7)","decl":{"start":{"line":186,"column":28},"end":{"line":186,"column":29}},"loc":{"start":{"line":186,"column":35},"end":{"line":188,"column":null}},"line":186},"8":{"name":"(anonymous_8)","decl":{"start":{"line":202,"column":31},"end":{"line":202,"column":32}},"loc":{"start":{"line":203,"column":16},"end":{"line":234,"column":null}},"line":203}},"branchMap":{"0":{"loc":{"start":{"line":77,"column":2},"end":{"line":102,"column":null}},"type":"if","locations":[{"start":{"line":77,"column":2},"end":{"line":102,"column":null}},{"start":{},"end":{}}],"line":77},"1":{"loc":{"start":{"line":77,"column":6},"end":{"line":77,"column":27}},"type":"binary-expr","locations":[{"start":{"line":77,"column":6},"end":{"line":77,"column":17}},{"start":{"line":77,"column":17},"end":{"line":77,"column":27}}],"line":77},"2":{"loc":{"start":{"line":107,"column":7},"end":{"line":127,"column":null}},"type":"binary-expr","locations":[{"start":{"line":107,"column":7},"end":{"line":107,"column":18}},{"start":{"line":107,"column":18},"end":{"line":107,"column":null}},{"start":{"line":108,"column":8},"end":{"line":127,"column":null}}],"line":107},"3":{"loc":{"start":{"line":127,"column":8},"end":{"line":238,"column":null}},"type":"binary-expr","locations":[{"start":{"line":130,"column":8},"end":{"line":130,"column":18}},{"start":{"line":130,"column":18},"end":{"line":130,"column":null}},{"start":{"line":131,"column":8},"end":{"line":238,"column":null}}],"line":127}},"s":{"0":0,"1":0,"2":0,"3":0,"4":0,"5":0,"6":0,"7":0,"8":0,"9":0,"10":0,"11":0,"12":0,"13":0,"14":0,"15":0},"f":{"0":0,"1":0,"2":0,"3":0,"4":0,"5":0,"6":0,"7":0,"8":0},"b":{"0":[0,0],"1":[0,0],"2":[0,0,0],"3":[0,0,0]},"meta":{"lastBranch":4,"lastFunction":9,"lastStatement":16,"seen":{"f:8:16:8:28":0,"s:9:26:9:Infinity":0,"s:11:27:16:Infinity":1,"s:18:22:75:Infinity":2,"b:77:2:102:Infinity:undefined:undefined:undefined:undefined":0,"s:77:2:102:Infinity":3,"b:77:6:77:17:77:17:77:27":1,"s:79:4:100:Infinity":4,"f:81:17:81:23":1,"s:81:23:81:Infinity":5,"s:105:2:240:Infinity":6,"b:107:7:107:18:107:18:107:Infinity:108:8:127:Infinity":2,"f:109:19:109:25":2,"s:109:25:109:Infinity":7,"b:130:8:130:18:130:18:130:Infinity:131:8:238:Infinity":3,"f:144:19:144:25":3,"s:145:12:145:Infinity":8,"s:146:12:146:Infinity":9,"f:160:21:160:22":4,"s:160:28:160:Infinity":10,"f:163:23:163:29":5,"s:164:16:164:Infinity":11,"s:165:16:165:Infinity":12,"f:183:28:183:29":6,"s:184:16:184:Infinity":13,"f:186:28:186:29":7,"s:187:16:187:Infinity":14,"f:202:31:202:32":8,"s:203:16:234:Infinity":15}}}
,"/Users/gfelter/code/catholic-history-atlas/src/components/MapView.tsx": {"path":"/Users/gfelter/code/catholic-history-atlas/src/components/MapView.tsx","statementMap":{"0":{"start":{"line":17,"column":0},"end":{"line":17,"column":null}},"1":{"start":{"line":18,"column":0},"end":{"line":22,"column":null}},"2":{"start":{"line":36,"column":2},"end":{"line":38,"column":null}},"3":{"start":{"line":37,"column":4},"end":{"line":37,"column":null}},"4":{"start":{"line":52,"column":21},"end":{"line":52,"column":null}},"5":{"start":{"line":56,"column":26},"end":{"line":56,"column":null}},"6":{"start":{"line":57,"column":17},"end":{"line":57,"column":null}},"7":{"start":{"line":60,"column":17},"end":{"line":60,"column":null}},"8":{"start":{"line":65,"column":20},"end":{"line":65,"column":null}},"9":{"start":{"line":66,"column":20},"end":{"line":66,"column":null}},"10":{"start":{"line":68,"column":2},"end":{"line":68,"column":null}},"11":{"start":{"line":85,"column":25},"end":{"line":87,"column":null}},"12":{"start":{"line":86,"column":4},"end":{"line":86,"column":null}},"13":{"start":{"line":89,"column":2},"end":{"line":98,"column":null}},"14":{"start":{"line":91,"column":24},"end":{"line":91,"column":null}},"15":{"start":{"line":92,"column":4},"end":{"line":97,"column":null}},"16":{"start":{"line":100,"column":2},"end":{"line":159,"column":null}},"17":{"start":{"line":103,"column":29},"end":{"line":103,"column":null}},"18":{"start":{"line":104,"column":6},"end":{"line":108,"column":null}},"19":{"start":{"line":112,"column":27},"end":{"line":112,"column":null}},"20":{"start":{"line":113,"column":6},"end":{"line":117,"column":null}},"21":{"start":{"line":121,"column":28},"end":{"line":121,"column":null}},"22":{"start":{"line":122,"column":6},"end":{"line":127,"column":null}},"23":{"start":{"line":131,"column":30},"end":{"line":131,"column":null}},"24":{"start":{"line":132,"column":6},"end":{"line":137,"column":null}},"25":{"start":{"line":141,"column":30},"end":{"line":141,"column":null}},"26":{"start":{"line":142,"column":6},"end":{"line":147,"column":null}},"27":{"start":{"line":152,"column":27},"end":{"line":152,"column":null}},"28":{"start":{"line":153,"column":6},"end":{"line":157,"column":null}},"29":{"start":{"line":164,"column":25},"end":{"line":355,"column":null}},"30":{"start":{"line":175,"column":8},"end":{"line":175,"column":null}},"31":{"start":{"line":176,"column":8},"end":{"line":176,"column":null}},"32":{"start":{"line":177,"column":19},"end":{"line":177,"column":null}},"33":{"start":{"line":178,"column":8},"end":{"line":178,"column":null}},"34":{"start":{"line":182,"column":34},"end":{"line":198,"column":null}},"35":{"start":{"line":183,"column":20},"end":{"line":183,"column":null}},"36":{"start":{"line":185,"column":4},"end":{"line":187,"column":null}},"37":{"start":{"line":186,"column":6},"end":{"line":186,"column":null}},"38":{"start":{"line":189,"column":4},"end":{"line":197,"column":null}},"39":{"start":{"line":190,"column":24},"end":{"line":190,"column":null}},"40":{"start":{"line":191,"column":22},"end":{"line":191,"column":null}},"41":{"start":{"line":192,"column":23},"end":{"line":192,"column":null}},"42":{"start":{"line":193,"column":25},"end":{"line":193,"column":null}},"43":{"start":{"line":194,"column":25},"end":{"line":194,"column":null}},"44":{"start":{"line":196,"column":15},"end":{"line":196,"column":null}},"45":{"start":{"line":200,"column":30},"end":{"line":200,"column":null}},"46":{"start":{"line":202,"column":22},"end":{"line":208,"column":null}},"47":{"start":{"line":210,"column":24},"end":{"line":215,"column":null}},"48":{"start":{"line":218,"column":14},"end":{"line":218,"column":null}},"49":{"start":{"line":219,"column":15},"end":{"line":219,"column":null}},"50":{"start":{"line":220,"column":2},"end":{"line":226,"column":null}},"51":{"start":{"line":222,"column":4},"end":{"line":222,"column":null}},"52":{"start":{"line":223,"column":2},"end":{"line":226,"column":null}},"53":{"start":{"line":225,"column":4},"end":{"line":225,"column":null}},"54":{"start":{"line":228,"column":23},"end":{"line":228,"column":null}},"55":{"start":{"line":229,"column":24},"end":{"line":229,"column":null}},"56":{"start":{"line":230,"column":21},"end":{"line":230,"column":null}},"57":{"start":{"line":231,"column":22},"end":{"line":231,"column":null}},"58":{"start":{"line":234,"column":24},"end":{"line":234,"column":null}},"59":{"start":{"line":237,"column":24},"end":{"line":256,"column":null}},"60":{"start":{"line":259,"column":25},"end":{"line":278,"column":null}},"61":{"start":{"line":280,"column":23},"end":{"line":280,"column":null}},"62":{"start":{"line":282,"column":2},"end":{"line":289,"column":null}},"63":{"start":{"line":283,"column":4},"end":{"line":288,"column":null}},"64":{"start":{"line":292,"column":2},"end":{"line":322,"column":null}},"65":{"start":{"line":293,"column":4},"end":{"line":321,"column":null}},"66":{"start":{"line":325,"column":2},"end":{"line":354,"column":null}},"67":{"start":{"line":357,"column":24},"end":{"line":550,"column":null}},"68":{"start":{"line":358,"column":15},"end":{"line":358,"column":null}},"69":{"start":{"line":359,"column":8},"end":{"line":359,"column":null}},"70":{"start":{"line":360,"column":17},"end":{"line":366,"column":null}},"71":{"start":{"line":367,"column":20},"end":{"line":367,"column":null}},"72":{"start":{"line":368,"column":23},"end":{"line":368,"column":null}},"73":{"start":{"line":371,"column":2},"end":{"line":407,"column":null}},"74":{"start":{"line":372,"column":4},"end":{"line":406,"column":null}},"75":{"start":{"line":410,"column":2},"end":{"line":445,"column":null}},"76":{"start":{"line":411,"column":4},"end":{"line":444,"column":null}},"77":{"start":{"line":448,"column":2},"end":{"line":481,"column":null}},"78":{"start":{"line":449,"column":4},"end":{"line":480,"column":null}},"79":{"start":{"line":484,"column":2},"end":{"line":516,"column":null}},"80":{"start":{"line":485,"column":4},"end":{"line":515,"column":null}},"81":{"start":{"line":519,"column":2},"end":{"line":549,"column":null}},"82":{"start":{"line":552,"column":31},"end":{"line":593,"column":null}},"83":{"start":{"line":553,"column":15},"end":{"line":553,"column":null}},"84":{"start":{"line":555,"column":24},"end":{"line":556,"column":null}},"85":{"start":{"line":570,"column":2},"end":{"line":592,"column":null}},"86":{"start":{"line":595,"column":27},"end":{"line":689,"column":null}},"87":{"start":{"line":596,"column":15},"end":{"line":596,"column":null}},"88":{"start":{"line":597,"column":8},"end":{"line":597,"column":null}},"89":{"start":{"line":600,"column":26},"end":{"line":615,"column":null}},"90":{"start":{"line":620,"column":2},"end":{"line":663,"column":null}},"91":{"start":{"line":621,"column":4},"end":{"line":662,"column":null}},"92":{"start":{"line":666,"column":2},"end":{"line":688,"column":null}},"93":{"start":{"line":705,"column":8},"end":{"line":705,"column":null}},"94":{"start":{"line":706,"column":22},"end":{"line":706,"column":null}},"95":{"start":{"line":708,"column":2},"end":{"line":719,"column":null}},"96":{"start":{"line":709,"column":23},"end":{"line":711,"column":null}},"97":{"start":{"line":710,"column":6},"end":{"line":710,"column":null}},"98":{"start":{"line":713,"column":4},"end":{"line":713,"column":null}},"99":{"start":{"line":714,"column":4},"end":{"line":714,"column":null}},"100":{"start":{"line":716,"column":4},"end":{"line":718,"column":null}},"101":{"start":{"line":717,"column":6},"end":{"line":717,"column":null}},"102":{"start":{"line":721,"column":2},"end":{"line":736,"column":null}},"103":{"start":{"line":754,"column":8},"end":{"line":754,"column":null}},"104":{"start":{"line":755,"column":22},"end":{"line":755,"column":null}},"105":{"start":{"line":756,"column":48},"end":{"line":756,"column":null}},"106":{"start":{"line":758,"column":2},"end":{"line":769,"column":null}},"107":{"start":{"line":759,"column":23},"end":{"line":761,"column":null}},"108":{"start":{"line":760,"column":6},"end":{"line":760,"column":null}},"109":{"start":{"line":763,"column":4},"end":{"line":763,"column":null}},"110":{"start":{"line":764,"column":4},"end":{"line":764,"column":null}},"111":{"start":{"line":766,"column":4},"end":{"line":768,"column":null}},"112":{"start":{"line":767,"column":6},"end":{"line":767,"column":null}},"113":{"start":{"line":772,"column":2},"end":{"line":819,"column":null}},"114":{"start":{"line":773,"column":34},"end":{"line":815,"column":null}},"115":{"start":{"line":774,"column":24},"end":{"line":774,"column":null}},"116":{"start":{"line":775,"column":40},"end":{"line":775,"column":null}},"117":{"start":{"line":778,"column":24},"end":{"line":778,"column":null}},"118":{"start":{"line":779,"column":6},"end":{"line":783,"column":null}},"119":{"start":{"line":780,"column":8},"end":{"line":782,"column":null}},"120":{"start":{"line":781,"column":10},"end":{"line":781,"column":null}},"121":{"start":{"line":786,"column":6},"end":{"line":804,"column":null}},"122":{"start":{"line":787,"column":8},"end":{"line":803,"column":null}},"123":{"start":{"line":788,"column":26},"end":{"line":801,"column":null}},"124":{"start":{"line":789,"column":24},"end":{"line":789,"column":null}},"125":{"start":{"line":790,"column":12},"end":{"line":794,"column":null}},"126":{"start":{"line":791,"column":28},"end":{"line":791,"column":null}},"127":{"start":{"line":792,"column":14},"end":{"line":792,"column":null}},"128":{"start":{"line":793,"column":14},"end":{"line":793,"column":null}},"129":{"start":{"line":795,"column":12},"end":{"line":799,"column":null}},"130":{"start":{"line":797,"column":14},"end":{"line":797,"column":null}},"131":{"start":{"line":798,"column":14},"end":{"line":798,"column":null}},"132":{"start":{"line":800,"column":12},"end":{"line":800,"column":null}},"133":{"start":{"line":802,"column":10},"end":{"line":802,"column":null}},"134":{"start":{"line":806,"column":6},"end":{"line":806,"column":null}},"135":{"start":{"line":808,"column":6},"end":{"line":814,"column":null}},"136":{"start":{"line":809,"column":8},"end":{"line":813,"column":null}},"137":{"start":{"line":810,"column":25},"end":{"line":810,"column":null}},"138":{"start":{"line":811,"column":10},"end":{"line":811,"column":null}},"139":{"start":{"line":811,"column":44},"end":{"line":811,"column":66}},"140":{"start":{"line":812,"column":10},"end":{"line":812,"column":null}},"141":{"start":{"line":817,"column":4},"end":{"line":817,"column":null}},"142":{"start":{"line":821,"column":2},"end":{"line":1026,"column":null}},"143":{"start":{"line":825,"column":22},"end":{"line":825,"column":null}},"144":{"start":{"line":826,"column":8},"end":{"line":826,"column":null}},"145":{"start":{"line":826,"column":20},"end":{"line":826,"column":null}},"146":{"start":{"line":829,"column":20},"end":{"line":829,"column":null}},"147":{"start":{"line":830,"column":20},"end":{"line":830,"column":null}},"148":{"start":{"line":832,"column":29},"end":{"line":834,"column":null}},"149":{"start":{"line":836,"column":8},"end":{"line":856,"column":null}},"150":{"start":{"line":862,"column":22},"end":{"line":862,"column":null}},"151":{"start":{"line":863,"column":8},"end":{"line":863,"column":null}},"152":{"start":{"line":863,"column":20},"end":{"line":863,"column":null}},"153":{"start":{"line":865,"column":8},"end":{"line":1024,"column":null}},"154":{"start":{"line":869,"column":28},"end":{"line":869,"column":null}},"155":{"start":{"line":870,"column":29},"end":{"line":870,"column":null}},"156":{"start":{"line":871,"column":10},"end":{"line":877,"column":null}},"157":{"start":{"line":872,"column":12},"end":{"line":872,"column":null}},"158":{"start":{"line":873,"column":10},"end":{"line":877,"column":null}},"159":{"start":{"line":874,"column":12},"end":{"line":874,"column":null}},"160":{"start":{"line":875,"column":10},"end":{"line":877,"column":null}},"161":{"start":{"line":876,"column":12},"end":{"line":876,"column":null}},"162":{"start":{"line":882,"column":29},"end":{"line":882,"column":null}},"163":{"start":{"line":884,"column":29},"end":{"line":890,"column":null}},"164":{"start":{"line":896,"column":28},"end":{"line":896,"column":null}},"165":{"start":{"line":898,"column":10},"end":{"line":941,"column":null}},"166":{"start":{"line":899,"column":26},"end":{"line":899,"column":null}},"167":{"start":{"line":900,"column":12},"end":{"line":900,"column":null}},"168":{"start":{"line":901,"column":12},"end":{"line":901,"column":null}},"169":{"start":{"line":902,"column":12},"end":{"line":904,"column":null}},"170":{"start":{"line":903,"column":14},"end":{"line":903,"column":null}},"171":{"start":{"line":907,"column":18},"end":{"line":907,"column":null}},"172":{"start":{"line":910,"column":12},"end":{"line":910,"column":null}},"173":{"start":{"line":911,"column":10},"end":{"line":941,"column":null}},"174":{"start":{"line":912,"column":29},"end":{"line":912,"column":null}},"175":{"start":{"line":913,"column":12},"end":{"line":913,"column":null}},"176":{"start":{"line":914,"column":12},"end":{"line":914,"column":null}},"177":{"start":{"line":915,"column":12},"end":{"line":917,"column":null}},"178":{"start":{"line":916,"column":14},"end":{"line":916,"column":null}},"179":{"start":{"line":920,"column":18},"end":{"line":920,"column":null}},"180":{"start":{"line":923,"column":12},"end":{"line":923,"column":null}},"181":{"start":{"line":925,"column":27},"end":{"line":925,"column":null}},"182":{"start":{"line":926,"column":12},"end":{"line":926,"column":null}},"183":{"start":{"line":927,"column":12},"end":{"line":927,"column":null}},"184":{"start":{"line":928,"column":12},"end":{"line":930,"column":null}},"185":{"start":{"line":929,"column":14},"end":{"line":929,"column":null}},"186":{"start":{"line":932,"column":32},"end":{"line":932,"column":null}},"187":{"start":{"line":935,"column":18},"end":{"line":935,"column":null}},"188":{"start":{"line":939,"column":27},"end":{"line":939,"column":null}},"189":{"start":{"line":940,"column":12},"end":{"line":940,"column":null}},"190":{"start":{"line":944,"column":28},"end":{"line":944,"column":null}},"191":{"start":{"line":946,"column":10},"end":{"line":1022,"column":null}},"192":{"start":{"line":951,"column":35},"end":{"line":951,"column":null}},"193":{"start":{"line":1000,"column":39},"end":{"line":1000,"column":null}},"194":{"start":{"line":1010,"column":26},"end":{"line":1010,"column":null}},"195":{"start":{"line":1013,"column":26},"end":{"line":1013,"column":null}},"196":{"start":{"line":1031,"column":48},"end":{"line":1031,"column":null}},"197":{"start":{"line":1032,"column":8},"end":{"line":1032,"column":null}},"198":{"start":{"line":1033,"column":8},"end":{"line":1033,"column":null}},"199":{"start":{"line":1036,"column":26},"end":{"line":1040,"column":null}},"200":{"start":{"line":1037,"column":18},"end":{"line":1037,"column":null}},"201":{"start":{"line":1038,"column":16},"end":{"line":1038,"column":null}},"202":{"start":{"line":1039,"column":4},"end":{"line":1039,"column":null}},"203":{"start":{"line":1044,"column":23},"end":{"line":1044,"column":null}},"204":{"start":{"line":1047,"column":2},"end":{"line":1054,"column":null}},"205":{"start":{"line":1048,"column":4},"end":{"line":1053,"column":null}},"206":{"start":{"line":1049,"column":6},"end":{"line":1051,"column":null}},"207":{"start":{"line":1050,"column":8},"end":{"line":1050,"column":null}},"208":{"start":{"line":1052,"column":6},"end":{"line":1052,"column":null}},"209":{"start":{"line":1057,"column":2},"end":{"line":1064,"column":null}},"210":{"start":{"line":1058,"column":4},"end":{"line":1063,"column":null}},"211":{"start":{"line":1059,"column":6},"end":{"line":1061,"column":null}},"212":{"start":{"line":1060,"column":8},"end":{"line":1060,"column":null}},"213":{"start":{"line":1062,"column":6},"end":{"line":1062,"column":null}},"214":{"start":{"line":1067,"column":2},"end":{"line":1072,"column":null}},"215":{"start":{"line":1068,"column":4},"end":{"line":1070,"column":null}},"216":{"start":{"line":1069,"column":6},"end":{"line":1069,"column":null}},"217":{"start":{"line":1071,"column":4},"end":{"line":1071,"column":null}},"218":{"start":{"line":1075,"column":19},"end":{"line":1075,"column":null}},"219":{"start":{"line":1076,"column":2},"end":{"line":1076,"column":null}},"220":{"start":{"line":1076,"column":26},"end":{"line":1076,"column":55}},"221":{"start":{"line":1079,"column":21},"end":{"line":1083,"column":null}},"222":{"start":{"line":1080,"column":18},"end":{"line":1080,"column":null}},"223":{"start":{"line":1081,"column":16},"end":{"line":1081,"column":null}},"224":{"start":{"line":1082,"column":4},"end":{"line":1082,"column":null}},"225":{"start":{"line":1086,"column":35},"end":{"line":1086,"column":null}},"226":{"start":{"line":1087,"column":15},"end":{"line":1087,"column":null}},"227":{"start":{"line":1089,"column":2},"end":{"line":1369,"column":null}},"228":{"start":{"line":1113,"column":27},"end":{"line":1113,"column":null}},"229":{"start":{"line":1127,"column":14},"end":{"line":1127,"column":null}},"230":{"start":{"line":1130,"column":14},"end":{"line":1130,"column":null}},"231":{"start":{"line":1144,"column":22},"end":{"line":1144,"column":null}},"232":{"start":{"line":1145,"column":31},"end":{"line":1151,"column":null}},"233":{"start":{"line":1152,"column":34},"end":{"line":1152,"column":null}},"234":{"start":{"line":1153,"column":37},"end":{"line":1153,"column":null}},"235":{"start":{"line":1154,"column":16},"end":{"line":1183,"column":null}},"236":{"start":{"line":1227,"column":22},"end":{"line":1227,"column":null}},"237":{"start":{"line":1228,"column":30},"end":{"line":1231,"column":null}},"238":{"start":{"line":1232,"column":16},"end":{"line":1252,"column":null}}},"fnMap":{"0":{"name":"calculateOffsetPosition","decl":{"start":{"line":29,"column":9},"end":{"line":29,"column":null}},"loc":{"start":{"line":35,"column":20},"end":{"line":69,"column":null}},"line":35},"1":{"name":"getPersonBorderStyle","decl":{"start":{"line":74,"column":9},"end":{"line":74,"column":null}},"loc":{"start":{"line":83,"column":2},"end":{"line":160,"column":null}},"line":83},"2":{"name":"(anonymous_2)","decl":{"start":{"line":85,"column":25},"end":{"line":85,"column":26}},"loc":{"start":{"line":85,"column":59},"end":{"line":87,"column":null}},"line":85},"3":{"name":"(anonymous_3)","decl":{"start":{"line":164,"column":25},"end":{"line":164,"column":null}},"loc":{"start":{"line":173,"column":5},"end":{"line":355,"column":null}},"line":173},"4":{"name":"(anonymous_4)","decl":{"start":{"line":182,"column":34},"end":{"line":182,"column":35}},"loc":{"start":{"line":182,"column":112},"end":{"line":198,"column":null}},"line":182},"5":{"name":"(anonymous_5)","decl":{"start":{"line":357,"column":24},"end":{"line":357,"column":25}},"loc":{"start":{"line":357,"column":69},"end":{"line":550,"column":null}},"line":357},"6":{"name":"(anonymous_6)","decl":{"start":{"line":552,"column":31},"end":{"line":552,"column":37}},"loc":{"start":{"line":552,"column":37},"end":{"line":593,"column":null}},"line":552},"7":{"name":"(anonymous_7)","decl":{"start":{"line":595,"column":27},"end":{"line":595,"column":28}},"loc":{"start":{"line":595,"column":70},"end":{"line":689,"column":null}},"line":595},"8":{"name":"ZoomDisplay","decl":{"start":{"line":704,"column":9},"end":{"line":704,"column":23}},"loc":{"start":{"line":704,"column":23},"end":{"line":738,"column":null}},"line":704},"9":{"name":"(anonymous_9)","decl":{"start":{"line":708,"column":12},"end":{"line":708,"column":18}},"loc":{"start":{"line":708,"column":18},"end":{"line":719,"column":5}},"line":708},"10":{"name":"(anonymous_10)","decl":{"start":{"line":709,"column":23},"end":{"line":709,"column":29}},"loc":{"start":{"line":709,"column":29},"end":{"line":711,"column":null}},"line":709},"11":{"name":"(anonymous_11)","decl":{"start":{"line":716,"column":11},"end":{"line":716,"column":17}},"loc":{"start":{"line":716,"column":17},"end":{"line":718,"column":null}},"line":716},"12":{"name":"ZoomAwareMarkers","decl":{"start":{"line":741,"column":9},"end":{"line":741,"column":26}},"loc":{"start":{"line":753,"column":3},"end":{"line":1028,"column":null}},"line":753},"13":{"name":"(anonymous_13)","decl":{"start":{"line":758,"column":12},"end":{"line":758,"column":18}},"loc":{"start":{"line":758,"column":18},"end":{"line":769,"column":5}},"line":758},"14":{"name":"(anonymous_14)","decl":{"start":{"line":759,"column":23},"end":{"line":759,"column":29}},"loc":{"start":{"line":759,"column":29},"end":{"line":761,"column":null}},"line":759},"15":{"name":"(anonymous_15)","decl":{"start":{"line":766,"column":11},"end":{"line":766,"column":17}},"loc":{"start":{"line":766,"column":17},"end":{"line":768,"column":null}},"line":766},"16":{"name":"(anonymous_16)","decl":{"start":{"line":772,"column":12},"end":{"line":772,"column":18}},"loc":{"start":{"line":772,"column":18},"end":{"line":819,"column":5}},"line":772},"17":{"name":"(anonymous_17)","decl":{"start":{"line":773,"column":34},"end":{"line":773,"column":46}},"loc":{"start":{"line":773,"column":46},"end":{"line":815,"column":null}},"line":773},"18":{"name":"(anonymous_18)","decl":{"start":{"line":779,"column":55},"end":{"line":779,"column":63}},"loc":{"start":{"line":779,"column":63},"end":{"line":783,"column":7}},"line":779},"19":{"name":"(anonymous_19)","decl":{"start":{"line":786,"column":24},"end":{"line":786,"column":36}},"loc":{"start":{"line":786,"column":36},"end":{"line":804,"column":7}},"line":786},"20":{"name":"(anonymous_20)","decl":{"start":{"line":788,"column":44},"end":{"line":788,"column":45}},"loc":{"start":{"line":788,"column":57},"end":{"line":801,"column":11}},"line":788},"21":{"name":"(anonymous_21)","decl":{"start":{"line":790,"column":25},"end":{"line":790,"column":31}},"loc":{"start":{"line":790,"column":31},"end":{"line":794,"column":null}},"line":790},"22":{"name":"(anonymous_22)","decl":{"start":{"line":795,"column":26},"end":{"line":795,"column":32}},"loc":{"start":{"line":795,"column":32},"end":{"line":799,"column":null}},"line":795},"23":{"name":"(anonymous_23)","decl":{"start":{"line":809,"column":29},"end":{"line":809,"column":37}},"loc":{"start":{"line":809,"column":37},"end":{"line":813,"column":9}},"line":809},"24":{"name":"(anonymous_24)","decl":{"start":{"line":811,"column":28},"end":{"line":811,"column":29}},"loc":{"start":{"line":811,"column":44},"end":{"line":811,"column":66}},"line":811},"25":{"name":"(anonymous_25)","decl":{"start":{"line":824,"column":22},"end":{"line":824,"column":29}},"loc":{"start":{"line":824,"column":29},"end":{"line":858,"column":7}},"line":824},"26":{"name":"(anonymous_26)","decl":{"start":{"line":861,"column":46},"end":{"line":861,"column":47}},"loc":{"start":{"line":861,"column":68},"end":{"line":1025,"column":7}},"line":861},"27":{"name":"(anonymous_27)","decl":{"start":{"line":865,"column":25},"end":{"line":865,"column":26}},"loc":{"start":{"line":865,"column":42},"end":{"line":1024,"column":9}},"line":865},"28":{"name":"(anonymous_28)","decl":{"start":{"line":951,"column":29},"end":{"line":951,"column":35}},"loc":{"start":{"line":951,"column":35},"end":{"line":951,"column":null}},"line":951},"29":{"name":"(anonymous_29)","decl":{"start":{"line":1000,"column":33},"end":{"line":1000,"column":39}},"loc":{"start":{"line":1000,"column":39},"end":{"line":1000,"column":null}},"line":1000},"30":{"name":"(anonymous_30)","decl":{"start":{"line":1009,"column":38},"end":{"line":1009,"column":39}},"loc":{"start":{"line":1009,"column":45},"end":{"line":1011,"column":null}},"line":1009},"31":{"name":"(anonymous_31)","decl":{"start":{"line":1012,"column":38},"end":{"line":1012,"column":39}},"loc":{"start":{"line":1012,"column":45},"end":{"line":1014,"column":null}},"line":1012},"32":{"name":"MapView","decl":{"start":{"line":1030,"column":16},"end":{"line":1030,"column":24}},"loc":{"start":{"line":1030,"column":109},"end":{"line":1371,"column":null}},"line":1030},"33":{"name":"(anonymous_33)","decl":{"start":{"line":1036,"column":43},"end":{"line":1036,"column":55}},"loc":{"start":{"line":1036,"column":55},"end":{"line":1040,"column":3}},"line":1036},"34":{"name":"(anonymous_34)","decl":{"start":{"line":1047,"column":23},"end":{"line":1047,"column":33}},"loc":{"start":{"line":1047,"column":33},"end":{"line":1054,"column":3}},"line":1047},"35":{"name":"(anonymous_35)","decl":{"start":{"line":1048,"column":29},"end":{"line":1048,"column":36}},"loc":{"start":{"line":1048,"column":36},"end":{"line":1053,"column":5}},"line":1048},"36":{"name":"(anonymous_36)","decl":{"start":{"line":1057,"column":23},"end":{"line":1057,"column":32}},"loc":{"start":{"line":1057,"column":32},"end":{"line":1064,"column":3}},"line":1057},"37":{"name":"(anonymous_37)","decl":{"start":{"line":1067,"column":26},"end":{"line":1067,"column":38}},"loc":{"start":{"line":1067,"column":38},"end":{"line":1072,"column":3}},"line":1067},"38":{"name":"(anonymous_38)","decl":{"start":{"line":1076,"column":17},"end":{"line":1076,"column":26}},"loc":{"start":{"line":1076,"column":26},"end":{"line":1076,"column":55}},"line":1076},"39":{"name":"(anonymous_39)","decl":{"start":{"line":1079,"column":33},"end":{"line":1079,"column":40}},"loc":{"start":{"line":1079,"column":40},"end":{"line":1083,"column":3}},"line":1079},"40":{"name":"(anonymous_40)","decl":{"start":{"line":1113,"column":21},"end":{"line":1113,"column":27}},"loc":{"start":{"line":1113,"column":27},"end":{"line":1113,"column":null}},"line":1113},"41":{"name":"(anonymous_41)","decl":{"start":{"line":1126,"column":26},"end":{"line":1126,"column":27}},"loc":{"start":{"line":1126,"column":33},"end":{"line":1128,"column":null}},"line":1126},"42":{"name":"(anonymous_42)","decl":{"start":{"line":1129,"column":26},"end":{"line":1129,"column":27}},"loc":{"start":{"line":1129,"column":33},"end":{"line":1131,"column":null}},"line":1129},"43":{"name":"(anonymous_43)","decl":{"start":{"line":1143,"column":123},"end":{"line":1143,"column":131}},"loc":{"start":{"line":1143,"column":131},"end":{"line":1185,"column":15}},"line":1143},"44":{"name":"(anonymous_44)","decl":{"start":{"line":1226,"column":121},"end":{"line":1226,"column":129}},"loc":{"start":{"line":1226,"column":129},"end":{"line":1254,"column":15}},"line":1226}},"branchMap":{"0":{"loc":{"start":{"line":36,"column":2},"end":{"line":38,"column":null}},"type":"if","locations":[{"start":{"line":36,"column":2},"end":{"line":38,"column":null}},{"start":{},"end":{}}],"line":36},"1":{"loc":{"start":{"line":56,"column":26},"end":{"line":56,"column":null}},"type":"cond-expr","locations":[{"start":{"line":56,"column":38},"end":{"line":56,"column":76}},{"start":{"line":56,"column":76},"end":{"line":56,"column":null}}],"lin
[...]
ll}},{"start":{},"end":{}}],"line":65},"9":{"loc":{"start":{"line":72,"column":4},"end":{"line":72,"column":null}},"type":"if","locations":[{"start":{"line":72,"column":4},"end":{"line":72,"column":null}},{"start":{},"end":{}}],"line":72},"10":{"loc":{"start":{"line":73,"column":4},"end":{"line":73,"column":null}},"type":"if","locations":[{"start":{"line":73,"column":4},"end":{"line":73,"column":null}},{"start":{},"end":{}}],"line":73},"11":{"loc":{"start":{"line":93,"column":18},"end":{"line":93,"column":null}},"type":"cond-expr","locations":[{"start":{"line":93,"column":36},"end":{"line":93,"column":52}},{"start":{"line":93,"column":52},"end":{"line":93,"column":null}}],"line":93},"12":{"loc":{"start":{"line":94,"column":19},"end":{"line":94,"column":null}},"type":"cond-expr","locations":[{"start":{"line":94,"column":37},"end":{"line":94,"column":43}},{"start":{"line":94,"column":43},"end":{"line":94,"column":null}}],"line":94},"13":{"loc":{"start":{"line":102,"column":7},"end":{"line":138,"column":null}},"type":"cond-expr","locations":[{"start":{"line":103,"column":8},"end":{"line":123,"column":null}},{"start":{"line":125,"column":8},"end":{"line":138,"column":null}}],"line":102},"14":{"loc":{"start":{"line":146,"column":18},"end":{"line":146,"column":null}},"type":"cond-expr","locations":[{"start":{"line":146,"column":36},"end":{"line":146,"column":52}},{"start":{"line":146,"column":52},"end":{"line":146,"column":null}}],"line":146},"15":{"loc":{"start":{"line":147,"column":19},"end":{"line":147,"column":null}},"type":"cond-expr","locations":[{"start":{"line":147,"column":37},"end":{"line":147,"column":43}},{"start":{"line":147,"column":43},"end":{"line":147,"column":null}}],"line":147}},"s":{"0":0,"1":0,"2":0,"3":0,"4":0,"5":0,"6":0,"7":0,"8":0,"9":0,"10":0,"11":0,"12":0,"13":0,"14":0,"15":0,"16":0,"17":0,"18":0,"19":0,"20":0,"21":0,"22":0,"23":0,"24":0,"25":0,"26":0,"27":0,"28":0,"29":0,"30":0,"31":0,"32":0,"33":0,"34":0,"35":0,"36":0,"37":0},"f":{"0":0,"1":0,"2":0,"3":0,"4":0,"5":0,"6":0,"7":0,"8":0,"9":0},"b":{"0":[0],"1":[0],"2":[0],"3":[0,0],"4":[0,0],"5":[0,0],"6":[0,0,0],"7":[0,0],"8":[0,0],"9":[0,0],"10":[0,0],"11":[0,0],"12":[0,0],"13":[0,0],"14":[0,0],"15":[0,0]},"meta":{"lastBranch":16,"lastFunction":10,"lastStatement":38,"seen":{"f:11:16:11:29":0,"b:14:12:14:Infinity":0,"b:15:12:15:Infinity":1,"b:16:9:16:Infinity":2,"s:18:32:18:Infinity":0,"s:19:34:19:Infinity":1,"s:20:8:20:Infinity":2,"s:22:2:24:Infinity":3,"f:22:12:22:18":1,"s:23:4:23:Infinity":4,"s:26:2:31:Infinity":5,"f:26:12:26:18":2,"b:27:4:30:Infinity:undefined:undefined:undefined:undefined":3,"s:27:4:30:Infinity":6,"b:27:8:27:21:27:21:27:39":4,"s:28:6:28:Infinity":7,"s:29:6:29:Infinity":8,"s:33:26:36:Infinity":9,"f:33:26:33:32":3,"s:34:20:34:Infinity":10,"s:35:4:35:Infinity":11,"s:38:26:41:Infinity":12,"f:38:26:38:32":4,"s:39:20:39:Infinity":13,"s:40:4:40:Infinity":14,"s:43:27:45:Infinity":15,"f:43:27:43:33":5,"s:44:4:44:Infinity":16,"s:47:28:49:Infinity":17,"f:47:28:47:29":6,"s:48:4:48:Infinity":18,"s:51:26:60:Infinity":19,"f:51:26:51:32":7,"s:52:4:52:Infinity":20,"s:53:20:53:Infinity":21,"b:54:4:59:Infinity:56:11:59:Infinity":5,"s:54:4:59:Infinity":22,"b:54:8:54:27:54:27:54:49:54:49:54:69":6,"s:55:6:55:Infinity":23,"s:58:6:58:Infinity":24,"s:62:29:69:Infinity":25,"f:62:29:62:30":8,"b:63:4:68:Infinity:65:4:68:Infinity":7,"s:63:4:68:Infinity":26,"s:64:6:64:Infinity":27,"b:65:4:68:Infinity:undefined:undefined:undefined:undefined":8,"s:65:4:68:Infinity":28,"s:66:6:66:Infinity":29,"s:67:6:67:Infinity":30,"s:71:21:75:Infinity":31,"f:71:21:71:22":9,"b:72:4:72:Infinity:undefined:undefined:undefined:undefined":9,"s:72:4:72:Infinity":32,"s:72:15:72:Infinity":33,"b:73:4:73:Infinity:undefined:undefined:undefined:undefined":10,"s:73:4:73:Infinity":34,"s:73:17:73:Infinity":35,"s:74:4:74:Infinity":36,"s:77:2:155:Infinity":37,"b:93:36:93:52:93:52:93:Infinity":11,"b:94:37:94:43:94:43:94:Infinity":12,"b:103:8:123:Infinity:125:8:138:Infinity":13,"b:146:36:146:52:146:52:146:Infinity":14,"b:147:37:147:43:147:43:147:Infinity":15}}}
,"/Users/gfelter/code/catholic-history-atlas/src/utils/ageUtils.ts": {"path":"/Users/gfelter/code/catholic-history-atlas/src/utils/ageUtils.ts","statementMap":{"0":{"start":{"line":9,"column":16},"end":{"line":9,"column":null}},"1":{"start":{"line":10,"column":2},"end":{"line":12,"column":null}},"2":{"start":{"line":11,"column":4},"end":{"line":11,"column":null}},"3":{"start":{"line":13,"column":2},"end":{"line":13,"column":null}},"4":{"start":{"line":23,"column":2},"end":{"line":23,"column":null}},"5":{"start":{"line":23,"column":20},"end":{"line":23,"column":null}},"6":{"start":{"line":24,"column":2},"end":{"line":24,"column":null}},"7":{"start":{"line":24,"column":16},"end":{"line":24,"column":null}},"8":{"start":{"line":25,"column":2},"end":{"line":25,"column":null}},"9":{"start":{"line":25,"column":17},"end":{"line":25,"column":null}},"10":{"start":{"line":26,"column":2},"end":{"line":26,"column":null}},"11":{"start":{"line":36,"column":2},"end":{"line":36,"column":null}},"12":{"start":{"line":36,"column":14},"end":{"line":36,"column":null}},"13":{"start":{"line":37,"column":2},"end":{"line":44,"column":null}},"14":{"start":{"line":39,"column":6},"end":{"line":39,"column":null}},"15":{"start":{"line":41,"column":6},"end":{"line":41,"column":null}},"16":{"start":{"line":43,"column":6},"end":{"line":43,"column":null}},"17":{"start":{"line":55,"column":2},"end":{"line":55,"column":null}},"18":{"start":{"line":55,"column":14},"end":{"line":55,"column":null}},"19":{"start":{"line":56,"column":2},"end":{"line":63,"column":null}},"20":{"start":{"line":58,"column":6},"end":{"line":58,"column":null}},"21":{"start":{"line":60,"column":6},"end":{"line":60,"column":null}},"22":{"start":{"line":62,"column":6},"end":{"line":62,"column":null}}},"fnMap":{"0":{"name":"calculateAge","decl":{"start":{"line":8,"column":16},"end":{"line":8,"column":29}},"loc":{"start":{"line":8,"column":74},"end":{"line":14,"column":null}},"line":8},"1":{"name":"getLifeStage","decl":{"start":{"line":22,"column":16},"end":{"line":22,"column":29}},"loc":{"start":{"line":22,"column":67},"end":{"line":27,"column":null}},"line":22},"2":{"name":"getSizeForLifeStage","decl":{"start":{"line":35,"column":16},"end":{"line":35,"column":36}},"loc":{"start":{"line":35,"column":92},"end":{"line":45,"column":null}},"line":35},"3":{"name":"getBorderWidthForLifeStage","decl":{"start":{"line":51,"column":16},"end":{"line":51,"column":null}},"loc":{"start":{"line":54,"column":10},"end":{"line":64,"column":null}},"line":54}},"branchMap":{"0":{"loc":{"start":{"line":9,"column":16},"end":{"line":9,"column":null}},"type":"binary-expr","locations":[{"start":{"line":9,"column":16},"end":{"line":9,"column":37}},{"start":{"line":9,"column":37},"end":{"line":9,"column":null}}],"line":9},"1":{"loc":{"start":{"line":10,"column":2},"end":{"line":12,"column":null}},"type":"if","locations":[{"start":{"line":10,"column":2},"end":{"line":12,"column":null}},{"start":{},"end":{}}],"line":10},"2":{"loc":{"start":{"line":10,"column":6},"end":{"line":10,"column":47}},"type":"binary-expr","locations":[{"start":{"line":10,"column":6},"end":{"line":10,"column":22}},{"start":{"line":10,"column":22},"end":{"line":10,"column":47}}],"line":10},"3":{"loc":{"start":{"line":23,"column":2},"end":{"line":23,"column":null}},"type":"if","locations":[{"start":{"line":23,"column":2},"end":{"line":23,"column":null}},{"start":{},"end":{}}],"line":23},"4":{"loc":{"start":{"line":24,"column":2},"end":{"line":24,"column":null}},"type":"if","locations":[{"start":{"line":24,"column":2},"end":{"line":24,"column":null}},{"start":{},"end":{}}],"line":24},"5":{"loc":{"start":{"line":25,"column":2},"end":{"line":25,"column":null}},"type":"if","locations":[{"start":{"line":25,"column":2},"end":{"line":25,"column":null}},{"start":{},"end":{}}],"line":25},"6":{"loc":{"start":{"line":35,"column":61},"end":{"line":35,"column":92}},"type":"default-arg","locations":[{"start":{"line":35,"column":80},"end":{"line":35,"column":92}}],"line":35},"7":{"loc":{"start":{"line":36,"column":2},"end":{"line":36,"column":null}},"type":"if","locations":[{"start":{"line":36,"column":2},"end":{"line":36,"column":null}},{"start":{},"end":{}}],"line":36},"8":{"loc":{"start":{"line":37,"column":2},"end":{"line":44,"column":null}},"type":"switch","locations":[{"start":{"line":38,"column":4},"end":{"line":39,"column":null}},{"start":{"line":40,"column":4},"end":{"line":41,"column":null}},{"start":{"line":42,"column":4},"end":{"line":43,"column":null}}],"line":37},"9":{"loc":{"start":{"line":53,"column":2},"end":{"line":53,"column":null}},"type":"default-arg","locations":[{"start":{"line":53,"column":28},"end":{"line":53,"column":null}}],"line":53},"10":{"loc":{"start":{"line":55,"column":2},"end":{"line":55,"column":null}},"type":"if","locations":[{"start":{"line":55,"column":2},"end":{"line":55,"column":null}},{"start":{},"end":{}}],"line":55},"11":{"loc":{"start":{"line":56,"column":2},"end":{"line":63,"column":null}},"type":"switch","locations":[{"start":{"line":57,"column":4},"end":{"line":58,"column":null}},{"start":{"line":59,"column":4},"end":{"line":60,"column":null}},{"start":{"line":61,"column":4},"end":{"line":62,"column":null}}],"line":56}},"s":{"0":12,"1":12,"2":4,"3":8,"4":10,"5":1,"6":9,"7":3,"8":6,"9":6,"10":3,"11":14,"12":3,"13":11,"14":5,"15":3,"16":3,"17":12,"18":3,"19":9,"20":3,"21":3,"22":3},"f":{"0":12,"1":10,"2":14,"3":12},"b":{"0":[12,3],"1":[4,8],"2":[12,10],"3":[1,9],"4":[3,6],"5":[3,3],"6":[14],"7":[3,11],"8":[11,3,3],"9":[12],"10":[3,9],"11":[9,3,3]},"meta":{"lastBranch":12,"lastFunction":4,"lastStatement":23,"seen":{"f:8:16:8:29":0,"s:9:16:9:Infinity":0,"b:9:16:9:37:9:37:9:Infinity":0,"b:10:2:12:Infinity:undefined:undefined:undefined:undefined":1,"s:10:2:12:Infinity":1,"b:10:6:10:22:10:22:10:47":2,"s:11:4:11:Infinity":2,"s:13:2:13:Infinity":3,"f:22:16:22:29":1,"b:23:2:23:Infinity:undefined:undefined:undefined:undefined":3,"s:23:2:23:Infinity":4,"s:23:20:23:Infinity":5,"b:24:2:24:Infinity:undefined:undefined:undefined:undefined":4,"s:24:2:24:Infinity":6,"s:24:16:24:Infinity":7,"b:25:2:25:Infinity:undefined:undefined:undefined:undefined":5,"s:25:2:25:Infinity":8,"s:25:17:25:Infinity":9,"s:26:2:26:Infinity":10,"f:35:16:35:36":2,"b:35:80:35:92":6,"b:36:2:36:Infinity:undefined:undefined:undefined:undefined":7,"s:36:2:36:Infinity":11,"s:36:14:36:Infinity":12,"b:38:4:39:Infinity:40:4:41:Infinity:42:4:43:Infinity":8,"s:37:2:44:Infinity":13,"s:39:6:39:Infinity":14,"s:41:6:41:Infinity":15,"s:43:6:43:Infinity":16,"f:51:16:51:Infinity":3,"b:53:28:53:Infinity":9,"b:55:2:55:Infinity:undefined:undefined:undefined:undefined":10,"s:55:2:55:Infinity":17,"s:55:14:55:Infinity":18,"b:57:4:58:Infinity:59:4:60:Infinity:61:4:62:Infinity":11,"s:56:2:63:Infinity":19,"s:58:6:58:Infinity":20,"s:60:6:60:Infinity":21,"s:62:6:62:Infinity":22}}}
,"/Users/gfelter/code/catholic-history-atlas/src/utils/basilicaColors.ts": {"path":"/Users/gfelter/code/catholic-history-atlas/src/utils/basilicaColors.ts","statementMap":{"0":{"start":{"line":4,"column":32},"end":{"line":18,"column":null}},"1":{"start":{"line":7,"column":2},"end":{"line":17,"column":null}},"2":{"start":{"line":9,"column":6},"end":{"line":9,"column":null}},"3":{"start":{"line":11,"column":6},"end":{"line":11,"column":null}},"4":{"start":{"line":13,"column":6},"end":{"line":13,"column":null}},"5":{"start":{"line":16,"column":6},"end":{"line":16,"column":null}}},"fnMap":{"0":{"name":"(anonymous_0)","decl":{"start":{"line":4,"column":32},"end":{"line":4,"column":null}},"loc":{"start":{"line":6,"column":53},"end":{"line":18,"column":null}},"line":6}},"branchMap":{"0":{"loc":{"start":{"line":7,"column":2},"end":{"line":17,"column":null}},"type":"switch","locations":[{"start":{"line":8,"column":4},"end":{"line":9,"column":null}},{"start":{"line":10,"column":4},"end":{"line":11,"column":null}},{"start":{"line":12,"column":4},"end":{"line":13,"column":null}},{"start":{"line":14,"column":4},"end":{"line":14,"column":null}},{"start":{"line":15,"column":4},"end":{"line":16,"column":null}}],"line":7}},"s":{"0":1,"1":5,"2":1,"3":1,"4":1,"5":2},"f":{"0":5},"b":{"0":[1,1,1,1,2]},"meta":{"lastBranch":1,"lastFunction":1,"lastStatement":6,"seen":{"s:4:32:18:Infinity":0,"f:4:32:4:Infinity":0,"b:8:4:9:Infinity:10:4:11:Infinity:12:4:13:Infinity:14:4:14:Infinity:15:4:16:Infinity":0,"s:7:2:17:Infinity":1,"s:9:6:9:Infinity":2,"s:11:6:11:Infinity":3,"s:13:6:13:Infinity":4,"s:16:6:16:Infinity":5}}}
,"/Users/gfelter/code/catholic-history-atlas/src/utils/eventColors.ts": {"path":"/Users/gfelter/code/catholic-history-atlas/src/utils/eventColors.ts","statementMap":{"0":{"start":{"line":10,"column":68},"end":{"line":59,"column":null}},"1":{"start":{"line":62,"column":2},"end":{"line":62,"column":null}}},"fnMap":{"0":{"name":"getEventColor","decl":{"start":{"line":61,"column":16},"end":{"line":61,"column":30}},"loc":{"start":{"line":61,"column":65},"end":{"line":63,"column":null}},"line":61}},"branchMap":{},"s":{"0":1,"1":8},"f":{"0":8},"b":{},"meta":{"lastBranch":0,"lastFunction":1,"lastStatement":2,"seen":{"s:10:68:59:Infinity":0,"f:61:16:61:30":0,"s:62:2:62:Infinity":1}}}
,"/Users/gfelter/code/catholic-history-atlas/src/utils/filters.ts": {"path":"/Users/gfelter/code/catholic-history-atlas/src/utils/filters.ts","statementMap":{"0":{"start":{"line":9,"column":16},"end":{"line":9,"column":null}},"1":{"start":{"line":10,"column":16},"end":{"line":10,"column":null}},"2":{"start":{"line":11,"column":2},"end":{"line":11,"column":null}},"3":{"start":{"line":18,"column":16},"end":{"line":18,"column":null}},"4":{"start":{"line":19,"column":14},"end":{"line":19,"column":null}},"5":{"start":{"line":20,"column":2},"end":{"line":20,"column":null}},"6":{"start":{"line":27,"column":2},"end":{"line":27,"column":null}},"7":{"start":{"line":27,"column":33},"end":{"line":27,"column":61}},"8":{"start":{"line":34,"column":2},"end":{"line":34,"column":null}},"9":{"start":{"line":34,"column":32},"end":{"line":34,"column":58}}},"fnMap":{"0":{"name":"isPersonActive","decl":{"start":{"line":6,"column":16},"end":{"line":6,"column":31}},"loc":{"start":{"line":6,"column":70},"end":{"line":12,"column":null}},"line":6},"1":{"name":"isEventActive","decl":{"start":{"line":17,"column":16},"end":{"line":17,"column":30}},"loc":{"start":{"line":17,"column":67},"end":{"line":21,"column":null}},"line":17},"2":{"name":"getActivePeople","decl":{"start":{"line":26,"column":16},"end":{"line":26,"column":32}},"loc":{"start":{"line":26,"column":74},"end":{"line":28,"column":null}},"line":26},"3":{"name":"(anonymous_3)","decl":{"start":{"line":27,"column":23},"end":{"line":27,"column":33}},"loc":{"start":{"line":27,"column":33},"end":{"line":27,"column":61}},"line":27},"4":{"name":"getActiveEvents","decl":{"start":{"line":33,"column":16},"end":{"line":33,"column":32}},"loc":{"start":{"line":33,"column":72},"end":{"line":35,"column":null}},"line":33},"5":{"name":"(anonymous_5)","decl":{"start":{"line":34,"column":23},"end":{"line":34,"column":32}},"loc":{"start":{"line":34,"column":32},"end":{"line":34,"column":58}},"line":34}},"branchMap":{"0":{"loc":{"start":{"line":9,"column":16},"end":{"line":9,"column":null}},"type":"binary-expr","locations":[{"start":{"line":9,"column":16},"end":{"line":9,"column":37}},{"start":{"line":9,"column":37},"end":{"line":9,"column":null}}],"line":9},"1":{"loc":{"start":{"line":11,"column":9},"end":{"line":11,"column":null}},"type":"binary-expr","locations":[{"start":{"line":11,"column":9},"end":{"line":11,"column":26}},{"start":{"line":11,"column":26},"end":{"line":11,"column":null}}],"line":11},"2":{"loc":{"start":{"line":19,"column":14},"end":{"line":19,"column":null}},"type":"binary-expr","locations":[{"start":{"line":19,"column":14},"end":{"line":19,"column":31}},{"start":{"line":19,"column":31},"end":{"line":19,"column":null}}],"line":19},"3":{"loc":{"start":{"line":20,"column":9},"end":{"line":20,"column":null}},"type":"binary-expr","locations":[{"start":{"line":20,"column":9},"end":{"line":20,"column":26}},{"start":{"line":20,"column":26},"end":{"line":20,"column":null}}],"line":20}},"s":{"0":25,"1":25,"2":25,"3":20,"4":20,"5":20,"6":4,"7":9,"8":4,"9":9},"f":{"0":25,"1":20,"2":4,"3":9,"4":4,"5":9},"b":{"0":[25,9],"1":[25,16],"2":[20,12],"3":[20,14]},"meta":{"lastBranch":4,"lastFunction":6,"lastStatement":10,"seen":{"f:6:16:6:31":0,"s:9:16:9:Infinity":0,"b:9:16:9:37:9:37:9:Infinity":0,"s:10:16:10:Infinity":1,"s:11:2:11:Infinity":2,"b:11:9:11:26:11:26:11:Infinity":1,"f:17:16:17:30":1,"s:18:16:18:Infinity":3,"s:19:14:19:Infinity":4,"b:19:14:19:31:19:31:19:Infinity":2,"s:20:2:20:Infinity":5,"b:20:9:20:26:20:26:20:Infinity":3,"f:26:16:26:32":2,"s:27:2:27:Infinity":6,"f:27:23:27:33":3,"s:27:33:27:61":7,"f:33:16:33:32":4,"s:34:2:34:Infinity":8,"f:34:23:34:32":5,"s:34:32:34:58":9}}}
,"/Users/gfelter/code/catholic-history-atlas/src/utils/imageCache.ts": {"path":"/Users/gfelter/code/catholic-history-atlas/src/utils/imageCache.ts","statementMap":{"0":{"start":{"line":20,"column":2},"end":{"line":20,"column":null}},"1":{"start":{"line":20,"column":17},"end":{"line":20,"column":null}},"2":{"start":{"line":23,"column":2},"end":{"line":25,"column":null}},"3":{"start":{"line":24,"column":4},"end":{"line":24,"column":null}},"4":{"start":{"line":27,"column":2},"end":{"line":49,"column":null}},"5":{"start":{"line":30,"column":4},"end":{"line":35,"column":null}},"6":{"start":{"line":31,"column":6},"end":{"line":31,"column":null}},"7":{"start":{"line":34,"column":6},"end":{"line":34,"column":null}},"8":{"start":{"line":38,"column":4},"end":{"line":38,"column":null}},"9":{"start":{"line":41,"column":4},"end":{"line":43,"column":null}},"10":{"start":{"line":42,"column":6},"end":{"line":42,"column":null}},"11":{"start":{"line":45,"column":4},"end":{"line":45,"column":null}},"12":{"start":{"line":48,"column":4},"end":{"line":48,"column":null}}},"fnMap":{"0":{"name":"getCachedImageUrl","decl":{"start":{"line":15,"column":16},"end":{"line":15,"column":null}},"loc":{"start":{"line":19,"column":22},"end":{"line":50,"column":null}},"line":19}},"branchMap":{"0":{"loc":{"start":{"line":17,"column":2},"end":{"line":17,"column":null}},"type":"default-arg","locations":[{"start":{"line":17,"column":26},"end":{"line":17,"column":null}}],"line":17},"1":{"loc":{"start":{"line":20,"column":2},"end":{"line":20,"column":null}},"type":"if","locations":[{"start":{"line":20,"column":2},"end":{"line":20,"column":null}},{"start":{},"end":{}}],"line":20},"2":{"loc":{"start":{"line":23,"column":2},"end":{"line":25,"column":null}},"type":"if","locations":[{"start":{"line":23,"column":2},"end":{"line":25,"column":null}},{"start":{},"end":{}}],"line":23},"3":{"loc":{"start":{"line":23,"column":6},"end":{"line":23,"column":68}},"type":"binary-expr","locations":[{"start":{"line":23,"column":6},"end":{"line":23,"column":38}},{"start":{"line":23,"column":38},"end":{"line":23,"column":68}}],"line":23},"4":{"loc":{"start":{"line":41,"column":4},"end":{"line":43,"column":null}},"type":"if","locations":[{"start":{"line":41,"column":4},"end":{"line":43,"column":null}},{"start":{},"end":{}}],"line":41}},"s":{"0":32,"1":1,"2":31,"3":2,"4":29,"5":29,"6":29,"7":2,"8":28,"9":28,"10":23,"11":28,"12":1},"f":{"0":32},"b":{"0":[32],"1":[1,31],"2":[2,29],"3":[31,30],"4":[23,5]},"meta":{"lastBranch":5,"lastFunction":1,"lastStatement":13,"seen":{"f:15:16:15:Infinity":0,"b:17:26:17:Infinity":0,"b:20:2:20:Infinity:undefined:undefined:undefined:undefined":1,"s:20:2:20:Infinity":0,"s:20:17:20:Infinity":1,"b:23:2:25:Infinity:undefined:undefined:undefined:undefined":2,"s:23:2:25:Infinity":2,"b:23:6:23:38:23:38:23:68":3,"s:24:4:24:Infinity":3,"s:27:2:49:Infinity":4,"s:30:4:35:Infinity":5,"s:31:6:31:Infinity":6,"s:34:6:34:Infinity":7,"s:38:4:38:Infinity":8,"b:41:4:43:Infinity:undefined:undefined:undefined:undefined":4,"s:41:4:43:Infinity":9,"s:42:6:42:Infinity":10,"s:45:4:45:Infinity":11,"s:48:4:48:Infinity":12}}}
}
